[0.112s] DEBUG:colcon:Command line arguments: ['/usr/bin/colcon', 'build']
[0.112s] DEBUG:colcon:Parsed command line arguments: Namespace(allow_overriding=[], ament_cmake_args=None, base_paths=['.'], build_base='build', catkin_cmake_args=None, catkin_skip_building_tests=False, cmake_args=None, cmake_clean_cache=False, cmake_clean_first=False, cmake_force_configure=False, cmake_target=None, cmake_target_skip_unavailable=False, continue_on_error=False, event_handlers=None, executor='parallel', ignore_user_meta=False, install_base='install', log_base=None, log_level=None, main=<bound method BuildVerb.main of <colcon_core.verb.build.BuildVerb object at 0x7f95ab060100>>, merge_install=False, metas=['./colcon.meta'], packages_above=None, packages_above_and_dependencies=None, packages_above_depth=None, packages_end=None, packages_ignore=None, packages_ignore_regex=None, packages_select=None, packages_select_build_failed=False, packages_select_by_dep=None, packages_select_regex=None, packages_select_test_failures=False, packages_skip=None, packages_skip_build_finished=False, packages_skip_by_dep=None, packages_skip_regex=None, packages_skip_test_passed=False, packages_skip_up_to=None, packages_start=None, packages_up_to=None, packages_up_to_regex=None, parallel_workers=12, paths=None, symlink_install=False, test_result_base=None, verb_extension=<colcon_core.verb.build.BuildVerb object at 0x7f95ab060100>, verb_name='build', verb_parser=<colcon_defaults.argument_parser.defaults.DefaultArgumentsDecorator object at 0x7f95ab060610>)
[0.200s] Level 1:colcon.colcon_core.package_discovery:discover_packages(colcon_meta) check parameters
[0.201s] Level 1:colcon.colcon_core.package_discovery:discover_packages(recursive) check parameters
[0.201s] Level 1:colcon.colcon_core.package_discovery:discover_packages(ignore) check parameters
[0.201s] Level 1:colcon.colcon_core.package_discovery:discover_packages(path) check parameters
[0.201s] Level 1:colcon.colcon_core.package_discovery:discover_packages(colcon_meta) discover
[0.201s] Level 1:colcon.colcon_core.package_discovery:discover_packages(recursive) discover
[0.201s] INFO:colcon.colcon_core.package_discovery:Crawling recursively for packages in '/home/ywzheng/px4_ros_ws/src/drone_ros2_centralized_control'
[0.201s] Level 1:colcon.colcon_core.package_identification:_identify(.) by extensions ['ignore', 'ignore_ament_install']
[0.201s] Level 1:colcon.colcon_core.package_identification:_identify(.) by extension 'ignore'
[0.201s] Level 1:colcon.colcon_core.package_identification:_identify(.) by extension 'ignore_ament_install'
[0.201s] Level 1:colcon.colcon_core.package_identification:_identify(.) by extensions ['colcon_pkg']
[0.201s] Level 1:colcon.colcon_core.package_identification:_identify(.) by extension 'colcon_pkg'
[0.201s] Level 1:colcon.colcon_core.package_identification:_identify(.) by extensions ['colcon_meta']
[0.201s] Level 1:colcon.colcon_core.package_identification:_identify(.) by extension 'colcon_meta'
[0.201s] Level 1:colcon.colcon_core.package_identification:_identify(.) by extensions ['ros']
[0.201s] Level 1:colcon.colcon_core.package_identification:_identify(.) by extension 'ros'
[0.209s] DEBUG:colcon.colcon_core.package_identification:Package '.' with type 'ros.ament_cmake' and name 'drone_ros2_centralized_control'
[0.210s] Level 1:colcon.colcon_core.package_discovery:discover_packages(recursive) using defaults
[0.210s] Level 1:colcon.colcon_core.package_discovery:discover_packages(ignore) discover
[0.210s] Level 1:colcon.colcon_core.package_discovery:discover_packages(ignore) using defaults
[0.210s] Level 1:colcon.colcon_core.package_discovery:discover_packages(path) discover
[0.210s] Level 1:colcon.colcon_core.package_discovery:discover_packages(path) using defaults
[0.220s] Level 1:colcon.colcon_core.package_discovery:discover_packages(prefix_path) check parameters
[0.220s] Level 1:colcon.colcon_core.package_discovery:discover_packages(prefix_path) discover
[0.220s] WARNING:colcon.colcon_ros.prefix_path.ament:The path '/home/ywzheng/px4_ros_ws/install/drone_ros2_centeralized_control' in the environment variable AMENT_PREFIX_PATH doesn't exist
[0.221s] WARNING:colcon.colcon_ros.prefix_path.catkin:The path '/home/ywzheng/px4_ros_ws/install/drone_ros2_centeralized_control' in the environment variable CMAKE_PREFIX_PATH doesn't exist
[0.221s] DEBUG:colcon.colcon_installed_package_information.package_discovery:Found 11 installed packages in /home/ywzheng/px4_ros_ws/install
[0.222s] DEBUG:colcon.colcon_installed_package_information.package_discovery:Found 374 installed packages in /opt/ros/foxy
[0.230s] Level 1:colcon.colcon_core.package_discovery:discover_packages(prefix_path) using defaults
[0.271s] Level 5:colcon.colcon_core.verb:set package 'drone_ros2_centralized_control' build argument 'cmake_args' from command line to 'None'
[0.271s] Level 5:colcon.colcon_core.verb:set package 'drone_ros2_centralized_control' build argument 'cmake_target' from command line to 'None'
[0.271s] Level 5:colcon.colcon_core.verb:set package 'drone_ros2_centralized_control' build argument 'cmake_target_skip_unavailable' from command line to 'False'
[0.271s] Level 5:colcon.colcon_core.verb:set package 'drone_ros2_centralized_control' build argument 'cmake_clean_cache' from command line to 'False'
[0.271s] Level 5:colcon.colcon_core.verb:set package 'drone_ros2_centralized_control' build argument 'cmake_clean_first' from command line to 'False'
[0.271s] Level 5:colcon.colcon_core.verb:set package 'drone_ros2_centralized_control' build argument 'cmake_force_configure' from command line to 'False'
[0.271s] Level 5:colcon.colcon_core.verb:set package 'drone_ros2_centralized_control' build argument 'ament_cmake_args' from command line to 'None'
[0.271s] Level 5:colcon.colcon_core.verb:set package 'drone_ros2_centralized_control' build argument 'catkin_cmake_args' from command line to 'None'
[0.271s] Level 5:colcon.colcon_core.verb:set package 'drone_ros2_centralized_control' build argument 'catkin_skip_building_tests' from command line to 'False'
[0.271s] DEBUG:colcon.colcon_core.verb:Building package 'drone_ros2_centralized_control' with the following arguments: {'ament_cmake_args': None, 'build_base': '/home/ywzheng/px4_ros_ws/src/drone_ros2_centralized_control/build/drone_ros2_centralized_control', 'catkin_cmake_args': None, 'catkin_skip_building_tests': False, 'cmake_args': None, 'cmake_clean_cache': False, 'cmake_clean_first': False, 'cmake_force_configure': False, 'cmake_target': None, 'cmake_target_skip_unavailable': False, 'install_base': '/home/ywzheng/px4_ros_ws/src/drone_ros2_centralized_control/install/drone_ros2_centralized_control', 'merge_install': False, 'path': '/home/ywzheng/px4_ros_ws/src/drone_ros2_centralized_control', 'symlink_install': False, 'test_result_base': None}
[0.271s] INFO:colcon.colcon_core.executor:Executing jobs using 'parallel' executor
[0.272s] DEBUG:colcon.colcon_parallel_executor.executor.parallel:run_until_complete
[0.272s] INFO:colcon.colcon_ros.task.ament_cmake.build:Building ROS package in '/home/ywzheng/px4_ros_ws/src/drone_ros2_centralized_control' with build type 'ament_cmake'
[0.272s] INFO:colcon.colcon_cmake.task.cmake.build:Building CMake package in '/home/ywzheng/px4_ros_ws/src/drone_ros2_centralized_control'
[0.273s] INFO:colcon.colcon_core.plugin_system:Skipping extension 'colcon_core.shell.bat': Not used on non-Windows systems
[0.274s] INFO:colcon.colcon_core.shell:Skip shell extension 'powershell' for command environment: Not usable outside of PowerShell
[0.274s] DEBUG:colcon.colcon_core.shell:Skip shell extension 'dsv' for command environment
[0.282s] DEBUG:colcon.colcon_core.event_handler.log_command:Invoking command in '/home/ywzheng/px4_ros_ws/src/drone_ros2_centralized_control/build/drone_ros2_centralized_control': CMAKE_PREFIX_PATH=${CMAKE_PREFIX_PATH}:/home/ywzheng/px4_ros_ws/install/rviz_plugin:/home/ywzheng/px4_ros_ws/install/comp29planner:/home/ywzheng/px4_ros_ws/install/comp29localization:/home/ywzheng/px4_ros_ws/install/comp29hardware:/home/ywzheng/px4_ros_ws/install/comp29detector:/home/ywzheng/px4_ros_ws/install/comp29communicator:/opt/ros/foxy /usr/local/bin/cmake --build /home/ywzheng/px4_ros_ws/src/drone_ros2_centralized_control/build/drone_ros2_centralized_control -- -j12 -l12
[0.422s] DEBUG:colcon.colcon_core.event_handler.log_command:Invoked command in '/home/ywzheng/px4_ros_ws/src/drone_ros2_centralized_control/build/drone_ros2_centralized_control' returned '0': CMAKE_PREFIX_PATH=${CMAKE_PREFIX_PATH}:/home/ywzheng/px4_ros_ws/install/rviz_plugin:/home/ywzheng/px4_ros_ws/install/comp29planner:/home/ywzheng/px4_ros_ws/install/comp29localization:/home/ywzheng/px4_ros_ws/install/comp29hardware:/home/ywzheng/px4_ros_ws/install/comp29detector:/home/ywzheng/px4_ros_ws/install/comp29communicator:/opt/ros/foxy /usr/local/bin/cmake --build /home/ywzheng/px4_ros_ws/src/drone_ros2_centralized_control/build/drone_ros2_centralized_control -- -j12 -l12
[0.439s] DEBUG:colcon.colcon_core.event_handler.log_command:Invoking command in '/home/ywzheng/px4_ros_ws/src/drone_ros2_centralized_control/build/drone_ros2_centralized_control': CMAKE_PREFIX_PATH=${CMAKE_PREFIX_PATH}:/home/ywzheng/px4_ros_ws/install/rviz_plugin:/home/ywzheng/px4_ros_ws/install/comp29planner:/home/ywzheng/px4_ros_ws/install/comp29localization:/home/ywzheng/px4_ros_ws/install/comp29hardware:/home/ywzheng/px4_ros_ws/install/comp29detector:/home/ywzheng/px4_ros_ws/install/comp29communicator:/opt/ros/foxy /usr/local/bin/cmake --install /home/ywzheng/px4_ros_ws/src/drone_ros2_centralized_control/build/drone_ros2_centralized_control
[0.544s] Level 1:colcon.colcon_core.environment:create_environment_scripts_only(drone_ros2_centralized_control)
[0.550s] Level 1:colcon.colcon_core.environment:checking '/home/ywzheng/px4_ros_ws/src/drone_ros2_centralized_control/install/drone_ros2_centralized_control' for CMake module files
[0.551s] Level 1:colcon.colcon_core.environment:checking '/home/ywzheng/px4_ros_ws/src/drone_ros2_centralized_control/install/drone_ros2_centralized_control' for CMake config files
[0.553s] Level 1:colcon.colcon_core.shell:create_environment_hook('drone_ros2_centralized_control', 'cmake_prefix_path')
[0.554s] INFO:colcon.colcon_core.shell:Creating environment hook '/home/ywzheng/px4_ros_ws/src/drone_ros2_centralized_control/install/drone_ros2_centralized_control/share/drone_ros2_centralized_control/hook/cmake_prefix_path.ps1'
[0.554s] INFO:colcon.colcon_core.shell:Creating environment descriptor '/home/ywzheng/px4_ros_ws/src/drone_ros2_centralized_control/install/drone_ros2_centralized_control/share/drone_ros2_centralized_control/hook/cmake_prefix_path.dsv'
[0.555s] INFO:colcon.colcon_core.shell:Creating environment hook '/home/ywzheng/px4_ros_ws/src/drone_ros2_centralized_control/install/drone_ros2_centralized_control/share/drone_ros2_centralized_control/hook/cmake_prefix_path.sh'
[0.556s] Level 1:colcon.colcon_core.environment:checking '/home/ywzheng/px4_ros_ws/src/drone_ros2_centralized_control/install/drone_ros2_centralized_control/lib'
[0.557s] Level 1:colcon.colcon_core.shell:create_environment_hook('drone_ros2_centralized_control', 'ld_library_path_lib')
[0.557s] INFO:colcon.colcon_core.shell:Creating environment hook '/home/ywzheng/px4_ros_ws/src/drone_ros2_centralized_control/install/drone_ros2_centralized_control/share/drone_ros2_centralized_control/hook/ld_library_path_lib.ps1'
[0.557s] INFO:colcon.colcon_core.shell:Creating environment descriptor '/home/ywzheng/px4_ros_ws/src/drone_ros2_centralized_control/install/drone_ros2_centralized_control/share/drone_ros2_centralized_control/hook/ld_library_path_lib.dsv'
[0.558s] INFO:colcon.colcon_core.shell:Creating environment hook '/home/ywzheng/px4_ros_ws/src/drone_ros2_centralized_control/install/drone_ros2_centralized_control/share/drone_ros2_centralized_control/hook/ld_library_path_lib.sh'
[0.559s] DEBUG:colcon.colcon_core.event_handler.log_command:Invoked command in '/home/ywzheng/px4_ros_ws/src/drone_ros2_centralized_control/build/drone_ros2_centralized_control' returned '0': CMAKE_PREFIX_PATH=${CMAKE_PREFIX_PATH}:/home/ywzheng/px4_ros_ws/install/rviz_plugin:/home/ywzheng/px4_ros_ws/install/comp29planner:/home/ywzheng/px4_ros_ws/install/comp29localization:/home/ywzheng/px4_ros_ws/install/comp29hardware:/home/ywzheng/px4_ros_ws/install/comp29detector:/home/ywzheng/px4_ros_ws/install/comp29communicator:/opt/ros/foxy /usr/local/bin/cmake --install /home/ywzheng/px4_ros_ws/src/drone_ros2_centralized_control/build/drone_ros2_centralized_control
[0.559s] Level 1:colcon.colcon_core.environment:checking '/home/ywzheng/px4_ros_ws/src/drone_ros2_centralized_control/install/drone_ros2_centralized_control/bin'
[0.559s] Level 1:colcon.colcon_core.environment:checking '/home/ywzheng/px4_ros_ws/src/drone_ros2_centralized_control/install/drone_ros2_centralized_control/lib/pkgconfig/drone_ros2_centralized_control.pc'
[0.559s] Level 1:colcon.colcon_core.environment:checking '/home/ywzheng/px4_ros_ws/src/drone_ros2_centralized_control/install/drone_ros2_centralized_control/lib/python3.8/site-packages'
[0.559s] Level 1:colcon.colcon_core.shell:create_environment_hook('drone_ros2_centralized_control', 'pythonpath')
[0.559s] INFO:colcon.colcon_core.shell:Creating environment hook '/home/ywzheng/px4_ros_ws/src/drone_ros2_centralized_control/install/drone_ros2_centralized_control/share/drone_ros2_centralized_control/hook/pythonpath.ps1'
[0.559s] INFO:colcon.colcon_core.shell:Creating environment descriptor '/home/ywzheng/px4_ros_ws/src/drone_ros2_centralized_control/install/drone_ros2_centralized_control/share/drone_ros2_centralized_control/hook/pythonpath.dsv'
[0.560s] INFO:colcon.colcon_core.shell:Creating environment hook '/home/ywzheng/px4_ros_ws/src/drone_ros2_centralized_control/install/drone_ros2_centralized_control/share/drone_ros2_centralized_control/hook/pythonpath.sh'
[0.560s] Level 1:colcon.colcon_core.environment:checking '/home/ywzheng/px4_ros_ws/src/drone_ros2_centralized_control/install/drone_ros2_centralized_control/bin'
[0.560s] INFO:colcon.colcon_core.shell:Creating package script '/home/ywzheng/px4_ros_ws/src/drone_ros2_centralized_control/install/drone_ros2_centralized_control/share/drone_ros2_centralized_control/package.ps1'
[0.561s] INFO:colcon.colcon_core.shell:Creating package descriptor '/home/ywzheng/px4_ros_ws/src/drone_ros2_centralized_control/install/drone_ros2_centralized_control/share/drone_ros2_centralized_control/package.dsv'
[0.562s] INFO:colcon.colcon_core.shell:Creating package script '/home/ywzheng/px4_ros_ws/src/drone_ros2_centralized_control/install/drone_ros2_centralized_control/share/drone_ros2_centralized_control/package.sh'
[0.562s] INFO:colcon.colcon_core.shell:Creating package script '/home/ywzheng/px4_ros_ws/src/drone_ros2_centralized_control/install/drone_ros2_centralized_control/share/drone_ros2_centralized_control/package.bash'
[0.563s] INFO:colcon.colcon_core.shell:Creating package script '/home/ywzheng/px4_ros_ws/src/drone_ros2_centralized_control/install/drone_ros2_centralized_control/share/drone_ros2_centralized_control/package.zsh'
[0.563s] Level 1:colcon.colcon_core.environment:create_file_with_runtime_dependencies(/home/ywzheng/px4_ros_ws/src/drone_ros2_centralized_control/install/drone_ros2_centralized_control/share/colcon-core/packages/drone_ros2_centralized_control)
[0.564s] Level 1:colcon.colcon_core.environment:create_environment_scripts_only(drone_ros2_centralized_control)
[0.564s] Level 1:colcon.colcon_core.environment:checking '/home/ywzheng/px4_ros_ws/src/drone_ros2_centralized_control/install/drone_ros2_centralized_control' for CMake module files
[0.564s] Level 1:colcon.colcon_core.environment:checking '/home/ywzheng/px4_ros_ws/src/drone_ros2_centralized_control/install/drone_ros2_centralized_control' for CMake config files
[0.564s] Level 1:colcon.colcon_core.shell:create_environment_hook('drone_ros2_centralized_control', 'cmake_prefix_path')
[0.565s] INFO:colcon.colcon_core.shell:Creating environment hook '/home/ywzheng/px4_ros_ws/src/drone_ros2_centralized_control/install/drone_ros2_centralized_control/share/drone_ros2_centralized_control/hook/cmake_prefix_path.ps1'
[0.565s] INFO:colcon.colcon_core.shell:Creating environment descriptor '/home/ywzheng/px4_ros_ws/src/drone_ros2_centralized_control/install/drone_ros2_centralized_control/share/drone_ros2_centralized_control/hook/cmake_prefix_path.dsv'
[0.565s] INFO:colcon.colcon_core.shell:Creating environment hook '/home/ywzheng/px4_ros_ws/src/drone_ros2_centralized_control/install/drone_ros2_centralized_control/share/drone_ros2_centralized_control/hook/cmake_prefix_path.sh'
[0.565s] Level 1:colcon.colcon_core.environment:checking '/home/ywzheng/px4_ros_ws/src/drone_ros2_centralized_control/install/drone_ros2_centralized_control/lib'
[0.565s] Level 1:colcon.colcon_core.shell:create_environment_hook('drone_ros2_centralized_control', 'ld_library_path_lib')
[0.566s] INFO:colcon.colcon_core.shell:Creating environment hook '/home/ywzheng/px4_ros_ws/src/drone_ros2_centralized_control/install/drone_ros2_centralized_control/share/drone_ros2_centralized_control/hook/ld_library_path_lib.ps1'
[0.566s] INFO:colcon.colcon_core.shell:Creating environment descriptor '/home/ywzheng/px4_ros_ws/src/drone_ros2_centralized_control/install/drone_ros2_centralized_control/share/drone_ros2_centralized_control/hook/ld_library_path_lib.dsv'
[0.566s] INFO:colcon.colcon_core.shell:Creating environment hook '/home/ywzheng/px4_ros_ws/src/drone_ros2_centralized_control/install/drone_ros2_centralized_control/share/drone_ros2_centralized_control/hook/ld_library_path_lib.sh'
[0.567s] Level 1:colcon.colcon_core.environment:checking '/home/ywzheng/px4_ros_ws/src/drone_ros2_centralized_control/install/drone_ros2_centralized_control/bin'
[0.567s] Level 1:colcon.colcon_core.environment:checking '/home/ywzheng/px4_ros_ws/src/drone_ros2_centralized_control/install/drone_ros2_centralized_control/lib/pkgconfig/drone_ros2_centralized_control.pc'
[0.568s] Level 1:colcon.colcon_core.environment:checking '/home/ywzheng/px4_ros_ws/src/drone_ros2_centralized_control/install/drone_ros2_centralized_control/lib/python3.8/site-packages'
[0.568s] Level 1:colcon.colcon_core.shell:create_environment_hook('drone_ros2_centralized_control', 'pythonpath')
[0.569s] INFO:colcon.colcon_core.shell:Creating environment hook '/home/ywzheng/px4_ros_ws/src/drone_ros2_centralized_control/install/drone_ros2_centralized_control/share/drone_ros2_centralized_control/hook/pythonpath.ps1'
[0.570s] INFO:colcon.colcon_core.shell:Creating environment descriptor '/home/ywzheng/px4_ros_ws/src/drone_ros2_centralized_control/install/drone_ros2_centralized_control/share/drone_ros2_centralized_control/hook/pythonpath.dsv'
[0.571s] INFO:colcon.colcon_core.shell:Creating environment hook '/home/ywzheng/px4_ros_ws/src/drone_ros2_centralized_control/install/drone_ros2_centralized_control/share/drone_ros2_centralized_control/hook/pythonpath.sh'
[0.572s] Level 1:colcon.colcon_core.environment:checking '/home/ywzheng/px4_ros_ws/src/drone_ros2_centralized_control/install/drone_ros2_centralized_control/bin'
[0.573s] INFO:colcon.colcon_core.shell:Creating package script '/home/ywzheng/px4_ros_ws/src/drone_ros2_centralized_control/install/drone_ros2_centralized_control/share/drone_ros2_centralized_control/package.ps1'
[0.575s] INFO:colcon.colcon_core.shell:Creating package descriptor '/home/ywzheng/px4_ros_ws/src/drone_ros2_centralized_control/install/drone_ros2_centralized_control/share/drone_ros2_centralized_control/package.dsv'
[0.577s] INFO:colcon.colcon_core.shell:Creating package script '/home/ywzheng/px4_ros_ws/src/drone_ros2_centralized_control/install/drone_ros2_centralized_control/share/drone_ros2_centralized_control/package.sh'
[0.578s] INFO:colcon.colcon_core.shell:Creating package script '/home/ywzheng/px4_ros_ws/src/drone_ros2_centralized_control/install/drone_ros2_centralized_control/share/drone_ros2_centralized_control/package.bash'
[0.579s] INFO:colcon.colcon_core.shell:Creating package script '/home/ywzheng/px4_ros_ws/src/drone_ros2_centralized_control/install/drone_ros2_centralized_control/share/drone_ros2_centralized_control/package.zsh'
[0.580s] Level 1:colcon.colcon_core.environment:create_file_with_runtime_dependencies(/home/ywzheng/px4_ros_ws/src/drone_ros2_centralized_control/install/drone_ros2_centralized_control/share/colcon-core/packages/drone_ros2_centralized_control)
[0.581s] DEBUG:colcon.colcon_parallel_executor.executor.parallel:closing loop
[0.581s] DEBUG:colcon.colcon_parallel_executor.executor.parallel:loop closed
[0.581s] DEBUG:colcon.colcon_parallel_executor.executor.parallel:run_until_complete finished with '0'
[0.582s] DEBUG:colcon.colcon_core.event_reactor:joining thread
[0.592s] INFO:colcon.colcon_core.plugin_system:Skipping extension 'colcon_notification.desktop_notification.terminal_notifier': Not used on non-Darwin systems
[0.592s] INFO:colcon.colcon_core.plugin_system:Skipping extension 'colcon_notification.desktop_notification.win32': Not used on non-Windows systems
[0.592s] INFO:colcon.colcon_notification.desktop_notification:Sending desktop notification using 'notify2'
[0.606s] DEBUG:colcon.colcon_core.event_reactor:joined thread
[0.607s] INFO:colcon.colcon_core.shell:Creating prefix script '/home/ywzheng/px4_ros_ws/src/drone_ros2_centralized_control/install/local_setup.ps1'
[0.608s] INFO:colcon.colcon_core.shell:Creating prefix util module '/home/ywzheng/px4_ros_ws/src/drone_ros2_centralized_control/install/_local_setup_util_ps1.py'
[0.610s] INFO:colcon.colcon_core.shell:Creating prefix chain script '/home/ywzheng/px4_ros_ws/src/drone_ros2_centralized_control/install/setup.ps1'
[0.611s] INFO:colcon.colcon_core.shell:Creating prefix script '/home/ywzheng/px4_ros_ws/src/drone_ros2_centralized_control/install/local_setup.sh'
[0.612s] INFO:colcon.colcon_core.shell:Creating prefix util module '/home/ywzheng/px4_ros_ws/src/drone_ros2_centralized_control/install/_local_setup_util_sh.py'
[0.612s] INFO:colcon.colcon_core.shell:Creating prefix chain script '/home/ywzheng/px4_ros_ws/src/drone_ros2_centralized_control/install/setup.sh'
[0.613s] INFO:colcon.colcon_core.shell:Creating prefix script '/home/ywzheng/px4_ros_ws/src/drone_ros2_centralized_control/install/local_setup.bash'
[0.614s] INFO:colcon.colcon_core.shell:Creating prefix chain script '/home/ywzheng/px4_ros_ws/src/drone_ros2_centralized_control/install/setup.bash'
[0.614s] INFO:colcon.colcon_core.shell:Creating prefix script '/home/ywzheng/px4_ros_ws/src/drone_ros2_centralized_control/install/local_setup.zsh'
[0.615s] INFO:colcon.colcon_core.shell:Creating prefix chain script '/home/ywzheng/px4_ros_ws/src/drone_ros2_centralized_control/install/setup.zsh'
