-- Found ament_cmake: 0.9.12 (/opt/ros/foxy/share/ament_cmake/cmake)
-- Using PYTHON_EXECUTABLE: /usr/bin/python3
-- Found rosidl_default_generators: 1.0.1 (/opt/ros/foxy/share/rosidl_default_generators/cmake)
-- Using all available rosidl_typesupport_c: rosidl_typesupport_fastrtps_c;rosidl_typesupport_introspection_c
-- Found rosidl_adapter: 1.3.1 (/opt/ros/foxy/share/rosidl_adapter/cmake)
-- Using all available rosidl_typesupport_cpp: rosidl_typesupport_fastrtps_cpp;rosidl_typesupport_introspection_cpp
-- Found rosidl_default_runtime: 1.0.1 (/opt/ros/foxy/share/rosidl_default_runtime/cmake)
-- Found std_msgs: 2.0.5 (/opt/ros/foxy/share/std_msgs/cmake)
-- Found rclpy: 1.0.13 (/opt/ros/foxy/share/rclpy/cmake)
-- Found geometry_msgs: 2.0.5 (/opt/ros/foxy/share/geometry_msgs/cmake)
-- Found px4_msgs: 2.0.1 (/home/ywzheng/px4_ros_ws/install/px4_msgs/share/px4_msgs/cmake)
-- Found PythonInterp: /usr/bin/python3 (found version "3.8.10")
-- Found ament_cmake_ros: 0.9.2 (/opt/ros/foxy/share/ament_cmake_ros/cmake)
-- Using all available rosidl_typesupport_c: rosidl_typesupport_fastrtps_c;rosidl_typesupport_introspection_c
-- Using all available rosidl_typesupport_cpp: rosidl_typesupport_fastrtps_cpp;rosidl_typesupport_introspection_cpp
-- Found PythonInterp: /usr/bin/python3 (found suitable version "3.8.10", minimum required is "3.5")
-- Found python_cmake_module: 0.8.1 (/opt/ros/foxy/share/python_cmake_module/cmake)
-- Using PYTHON_EXECUTABLE: /usr/bin/python3
-- Using PYTHON_INCLUDE_DIRS: /usr/include/python3.8
-- Using PYTHON_LIBRARIES: /usr/lib/x86_64-linux-gnu/libpython3.8.so
-- Found ament_lint_auto: 0.9.8 (/opt/ros/foxy/share/ament_lint_auto/cmake)
-- Added test 'copyright' to check source files copyright and LICENSE
-- Added test 'cppcheck' to perform static code analysis on C / C++ code
-- Configured cppcheck include dirs: $<BUILD_INTERFACE:/home/ywzheng/px4_ros_ws/src/drone_ros2_centralized_control/build/drone_ros2_centralized_control/rosidl_generator_c>;/home/ywzheng/px4_ros_ws/src/drone_ros2_centralized_control/build/drone_ros2_centralized_control/rosidl_generator_c;/home/ywzheng/px4_ros_ws/src/drone_ros2_centralized_control/build/drone_ros2_centralized_control/rosidl_generator_cpp;/home/ywzheng/px4_ros_ws/src/drone_ros2_centralized_control/build/drone_ros2_centralized_control/rosidl_typesupport_fastrtps_c;/home/ywzheng/px4_ros_ws/src/drone_ros2_centralized_control/build/drone_ros2_centralized_control/rosidl_typesupport_fastrtps_cpp;$<BUILD_INTERFACE:/home/ywzheng/px4_ros_ws/src/drone_ros2_centralized_control/build/drone_ros2_centralized_control/rosidl_typesupport_introspection_c>;$<BUILD_INTERFACE:/home/ywzheng/px4_ros_ws/src/drone_ros2_centralized_control/build/drone_ros2_centralized_control/rosidl_typesupport_c>;$<BUILD_INTERFACE:/home/ywzheng/px4_ros_ws/src/drone_ros2_centralized_control/build/drone_ros2_centralized_control/rosidl_generator_cpp>;/home/ywzheng/px4_ros_ws/src/drone_ros2_centralized_control/build/drone_ros2_centralized_control/rosidl_generator_py
-- Configured cppcheck exclude dirs and/or files: 
-- Added test 'cpplint' to check C / C++ code against the Google style
-- Configured cpplint exclude dirs and/or files: 
-- Added test 'flake8' to check Python code syntax and style conventions
-- Added test 'lint_cmake' to check CMake code style
-- Added test 'pep257' to check Python code against some of the style conventions in PEP 257
-- Added test 'uncrustify' to check C / C++ code style
-- Configured uncrustify additional arguments: 
-- Added test 'xmllint' to check XML markup files
-- Configuring done (1.0s)
-- Generating done (0.0s)
-- Build files have been written to: /home/ywzheng/px4_ros_ws/src/drone_ros2_centralized_control/build/drone_ros2_centralized_control
[  2%] Built target drone_ros2_centralized_control__cpp
[ 12%] Built target drone_ros2_centralized_control__rosidl_generator_c
[ 23%] Built target drone_ros2_centralized_control__rosidl_typesupport_cpp
[ 34%] Built target drone_ros2_centralized_control__rosidl_typesupport_introspection_c
[ 44%] Built target drone_ros2_centralized_control__rosidl_typesupport_introspection_cpp
[ 55%] Built target drone_ros2_centralized_control__rosidl_typesupport_c
[ 65%] Built target drone_ros2_centralized_control__rosidl_typesupport_fastrtps_cpp
[ 76%] Built target drone_ros2_centralized_control__rosidl_typesupport_fastrtps_c
[ 76%] Built target drone_ros2_centralized_control
[ 78%] Built target drone_ros2_centralized_control__py
[ 87%] Built target drone_ros2_centralized_control__python
[ 91%] Built target drone_ros2_centralized_control__rosidl_typesupport_fastrtps_c__pyext
[ 95%] Built target drone_ros2_centralized_control__rosidl_typesupport_introspection_c__pyext
[100%] Built target drone_ros2_centralized_control__rosidl_typesupport_c__pyext
-- Install configuration: ""
-- Up-to-date: /home/ywzheng/px4_ros_ws/src/drone_ros2_centralized_control/install/drone_ros2_centralized_control/share/ament_index/resource_index/rosidl_interfaces/drone_ros2_centralized_control
-- Up-to-date: /home/ywzheng/px4_ros_ws/src/drone_ros2_centralized_control/install/drone_ros2_centralized_control/include/drone_ros2_centralized_control
-- Up-to-date: /home/ywzheng/px4_ros_ws/src/drone_ros2_centralized_control/install/drone_ros2_centralized_control/include/drone_ros2_centralized_control/msg
-- Up-to-date: /home/ywzheng/px4_ros_ws/src/drone_ros2_centralized_control/install/drone_ros2_centralized_control/include/drone_ros2_centralized_control/msg/uav_state.h
-- Up-to-date: /home/ywzheng/px4_ros_ws/src/drone_ros2_centralized_control/install/drone_ros2_centralized_control/include/drone_ros2_centralized_control/msg/detail
-- Up-to-date: /home/ywzheng/px4_ros_ws/src/drone_ros2_centralized_control/install/drone_ros2_centralized_control/include/drone_ros2_centralized_control/msg/detail/attitude_setpoint2__functions.h
-- Up-to-date: /home/ywzheng/px4_ros_ws/src/drone_ros2_centralized_control/install/drone_ros2_centralized_control/include/drone_ros2_centralized_control/msg/detail/uav_state__struct.h
-- Up-to-date: /home/ywzheng/px4_ros_ws/src/drone_ros2_centralized_control/install/drone_ros2_centralized_control/include/drone_ros2_centralized_control/msg/detail/uav_state__functions.c
-- Up-to-date: /home/ywzheng/px4_ros_ws/src/drone_ros2_centralized_control/install/drone_ros2_centralized_control/include/drone_ros2_centralized_control/msg/detail/uav_cmd__functions.c
-- Up-to-date: /home/ywzheng/px4_ros_ws/src/drone_ros2_centralized_control/install/drone_ros2_centralized_control/include/drone_ros2_centralized_control/msg/detail/uav_state__functions.h
-- Up-to-date: /home/ywzheng/px4_ros_ws/src/drone_ros2_centralized_control/install/drone_ros2_centralized_control/include/drone_ros2_centralized_control/msg/detail/uav_cmd__struct.h
-- Up-to-date: /home/ywzheng/px4_ros_ws/src/drone_ros2_centralized_control/install/drone_ros2_centralized_control/include/drone_ros2_centralized_control/msg/detail/attitude_setpoint2__functions.c
-- Up-to-date: /home/ywzheng/px4_ros_ws/src/drone_ros2_centralized_control/install/drone_ros2_centralized_control/include/drone_ros2_centralized_control/msg/detail/attitude_setpoint2__type_support.h
-- Up-to-date: /home/ywzheng/px4_ros_ws/src/drone_ros2_centralized_control/install/drone_ros2_centralized_control/include/drone_ros2_centralized_control/msg/detail/attitude_setpoint2__struct.h
-- Up-to-date: /home/ywzheng/px4_ros_ws/src/drone_ros2_centralized_control/install/drone_ros2_centralized_control/include/drone_ros2_centralized_control/msg/detail/uav_cmd__functions.h
-- Up-to-date: /home/ywzheng/px4_ros_ws/src/drone_ros2_centralized_control/install/drone_ros2_centralized_control/include/drone_ros2_centralized_control/msg/detail/uav_state__type_support.h
-- Up-to-date: /home/ywzheng/px4_ros_ws/src/drone_ros2_centralized_control/install/drone_ros2_centralized_control/include/drone_ros2_centralized_control/msg/detail/uav_cmd__type_support.h
-- Up-to-date: /home/ywzheng/px4_ros_ws/src/drone_ros2_centralized_control/install/drone_ros2_centralized_control/include/drone_ros2_centralized_control/msg/rosidl_generator_c__visibility_control.h
-- Up-to-date: /home/ywzheng/px4_ros_ws/src/drone_ros2_centralized_control/install/drone_ros2_centralized_control/include/drone_ros2_centralized_control/msg/uav_cmd.h
-- Up-to-date: /home/ywzheng/px4_ros_ws/src/drone_ros2_centralized_control/install/drone_ros2_centralized_control/include/drone_ros2_centralized_control/msg/attitude_setpoint2.h
-- Up-to-date: /home/ywzheng/px4_ros_ws/src/drone_ros2_centralized_control/install/drone_ros2_centralized_control/share/drone_ros2_centralized_control/environment/library_path.sh
-- Installing: /home/ywzheng/px4_ros_ws/src/drone_ros2_centralized_control/install/drone_ros2_centralized_control/share/drone_ros2_centralized_control/environment/library_path.dsv
-- Up-to-date: /home/ywzheng/px4_ros_ws/src/drone_ros2_centralized_control/install/drone_ros2_centralized_control/lib/libdrone_ros2_centralized_control__rosidl_generator_c.so
-- Up-to-date: /home/ywzheng/px4_ros_ws/src/drone_ros2_centralized_control/install/drone_ros2_centralized_control/include/drone_ros2_centralized_control
-- Up-to-date: /home/ywzheng/px4_ros_ws/src/drone_ros2_centralized_control/install/drone_ros2_centralized_control/include/drone_ros2_centralized_control/msg
-- Up-to-date: /home/ywzheng/px4_ros_ws/src/drone_ros2_centralized_control/install/drone_ros2_centralized_control/include/drone_ros2_centralized_control/msg/rosidl_typesupport_fastrtps_c__visibility_control.h
-- Up-to-date: /home/ywzheng/px4_ros_ws/src/drone_ros2_centralized_control/install/drone_ros2_centralized_control/include/drone_ros2_centralized_control/msg/detail
-- Up-to-date: /home/ywzheng/px4_ros_ws/src/drone_ros2_centralized_control/install/drone_ros2_centralized_control/include/drone_ros2_centralized_control/msg/detail/uav_cmd__rosidl_typesupport_fastrtps_c.h
-- Up-to-date: /home/ywzheng/px4_ros_ws/src/drone_ros2_centralized_control/install/drone_ros2_centralized_control/include/drone_ros2_centralized_control/msg/detail/uav_state__rosidl_typesupport_fastrtps_c.h
-- Up-to-date: /home/ywzheng/px4_ros_ws/src/drone_ros2_centralized_control/install/drone_ros2_centralized_control/include/drone_ros2_centralized_control/msg/detail/attitude_setpoint2__rosidl_typesupport_fastrtps_c.h
-- Up-to-date: /home/ywzheng/px4_ros_ws/src/drone_ros2_centralized_control/install/drone_ros2_centralized_control/lib/libdrone_ros2_centralized_control__rosidl_typesupport_fastrtps_c.so
-- Up-to-date: /home/ywzheng/px4_ros_ws/src/drone_ros2_centralized_control/install/drone_ros2_centralized_control/include/drone_ros2_centralized_control
-- Up-to-date: /home/ywzheng/px4_ros_ws/src/drone_ros2_centralized_control/install/drone_ros2_centralized_control/include/drone_ros2_centralized_control/msg
-- Up-to-date: /home/ywzheng/px4_ros_ws/src/drone_ros2_centralized_control/install/drone_ros2_centralized_control/include/drone_ros2_centralized_control/msg/rosidl_typesupport_fastrtps_cpp__visibility_control.h
-- Up-to-date: /home/ywzheng/px4_ros_ws/src/drone_ros2_centralized_control/install/drone_ros2_centralized_control/include/drone_ros2_centralized_control/msg/detail
-- Up-to-date: /home/ywzheng/px4_ros_ws/src/drone_ros2_centralized_control/install/drone_ros2_centralized_control/include/drone_ros2_centralized_control/msg/detail/uav_cmd__rosidl_typesupport_fastrtps_cpp.hpp
-- Up-to-date: /home/ywzheng/px4_ros_ws/src/drone_ros2_centralized_control/install/drone_ros2_centralized_control/include/drone_ros2_centralized_control/msg/detail/attitude_setpoint2__rosidl_typesupport_fastrtps_cpp.hpp
-- Up-to-date: /home/ywzheng/px4_ros_ws/src/drone_ros2_centralized_control/install/drone_ros2_centralized_control/include/drone_ros2_centralized_control/msg/detail/dds_fastrtps
-- Up-to-date: /home/ywzheng/px4_ros_ws/src/drone_ros2_centralized_control/install/drone_ros2_centralized_control/include/drone_ros2_centralized_control/msg/detail/uav_state__rosidl_typesupport_fastrtps_cpp.hpp
-- Up-to-date: /home/ywzheng/px4_ros_ws/src/drone_ros2_centralized_control/install/drone_ros2_centralized_control/lib/libdrone_ros2_centralized_control__rosidl_typesupport_fastrtps_cpp.so
-- Up-to-date: /home/ywzheng/px4_ros_ws/src/drone_ros2_centralized_control/install/drone_ros2_centralized_control/include/drone_ros2_centralized_control
-- Up-to-date: /home/ywzheng/px4_ros_ws/src/drone_ros2_centralized_control/install/drone_ros2_centralized_control/include/drone_ros2_centralized_control/msg
-- Up-to-date: /home/ywzheng/px4_ros_ws/src/drone_ros2_centralized_control/install/drone_ros2_centralized_control/include/drone_ros2_centralized_control/msg/rosidl_typesupport_introspection_c__visibility_control.h
-- Up-to-date: /home/ywzheng/px4_ros_ws/src/drone_ros2_centralized_control/install/drone_ros2_centralized_control/include/drone_ros2_centralized_control/msg/detail
-- Up-to-date: /home/ywzheng/px4_ros_ws/src/drone_ros2_centralized_control/install/drone_ros2_centralized_control/include/drone_ros2_centralized_control/msg/detail/uav_state__type_support.c
-- Up-to-date: /home/ywzheng/px4_ros_ws/src/drone_ros2_centralized_control/install/drone_ros2_centralized_control/include/drone_ros2_centralized_control/msg/detail/attitude_setpoint2__type_support.c
-- Up-to-date: /home/ywzheng/px4_ros_ws/src/drone_ros2_centralized_control/install/drone_ros2_centralized_control/include/drone_ros2_centralized_control/msg/detail/uav_cmd__type_support.c
-- Up-to-date: /home/ywzheng/px4_ros_ws/src/drone_ros2_centralized_control/install/drone_ros2_centralized_control/include/drone_ros2_centralized_control/msg/detail/uav_state__rosidl_typesupport_introspection_c.h
-- Up-to-date: /home/ywzheng/px4_ros_ws/src/drone_ros2_centralized_control/install/drone_ros2_centralized_control/include/drone_ros2_centralized_control/msg/detail/uav_cmd__rosidl_typesupport_introspection_c.h
-- Up-to-date: /home/ywzheng/px4_ros_ws/src/drone_ros2_centralized_control/install/drone_ros2_centralized_control/include/drone_ros2_centralized_control/msg/detail/attitude_setpoint2__rosidl_typesupport_introspection_c.h
-- Up-to-date: /home/ywzheng/px4_ros_ws/src/drone_ros2_centralized_control/install/drone_ros2_centralized_control/lib/libdrone_ros2_centralized_control__rosidl_typesupport_introspection_c.so
-- Up-to-date: /home/ywzheng/px4_ros_ws/src/drone_ros2_centralized_control/install/drone_ros2_centralized_control/lib/libdrone_ros2_centralized_control__rosidl_typesupport_c.so
-- Up-to-date: /home/ywzheng/px4_ros_ws/src/drone_ros2_centralized_control/install/drone_ros2_centralized_control/include/drone_ros2_centralized_control
-- Up-to-date: /home/ywzheng/px4_ros_ws/src/drone_ros2_centralized_control/install/drone_ros2_centralized_control/include/drone_ros2_centralized_control/msg
-- Up-to-date: /home/ywzheng/px4_ros_ws/src/drone_ros2_centralized_control/install/drone_ros2_centralized_control/include/drone_ros2_centralized_control/msg/rosidl_generator_cpp__visibility_control.hpp
-- Up-to-date: /home/ywzheng/px4_ros_ws/src/drone_ros2_centralized_control/install/drone_ros2_centralized_control/include/drone_ros2_centralized_control/msg/uav_state.hpp
-- Up-to-date: /home/ywzheng/px4_ros_ws/src/drone_ros2_centralized_control/install/drone_ros2_centralized_control/include/drone_ros2_centralized_control/msg/attitude_setpoint2.hpp
-- Up-to-date: /home/ywzheng/px4_ros_ws/src/drone_ros2_centralized_control/install/drone_ros2_centralized_control/include/drone_ros2_centralized_control/msg/detail
-- Up-to-date: /home/ywzheng/px4_ros_ws/src/drone_ros2_centralized_control/install/drone_ros2_centralized_control/include/drone_ros2_centralized_control/msg/detail/uav_cmd__builder.hpp
-- Up-to-date: /home/ywzheng/px4_ros_ws/src/drone_ros2_centralized_control/install/drone_ros2_centralized_control/include/drone_ros2_centralized_control/msg/detail/uav_state__builder.hpp
-- Up-to-date: /home/ywzheng/px4_ros_ws/src/drone_ros2_centralized_control/install/drone_ros2_centralized_control/include/drone_ros2_centralized_control/msg/detail/uav_cmd__type_support.hpp
-- Up-to-date: /home/ywzheng/px4_ros_ws/src/drone_ros2_centralized_control/install/drone_ros2_centralized_control/include/drone_ros2_centralized_control/msg/detail/attitude_setpoint2__builder.hpp
-- Up-to-date: /home/ywzheng/px4_ros_ws/src/drone_ros2_centralized_control/install/drone_ros2_centralized_control/include/drone_ros2_centralized_control/msg/detail/uav_state__struct.hpp
-- Up-to-date: /home/ywzheng/px4_ros_ws/src/drone_ros2_centralized_control/install/drone_ros2_centralized_control/include/drone_ros2_centralized_control/msg/detail/uav_state__traits.hpp
-- Up-to-date: /home/ywzheng/px4_ros_ws/src/drone_ros2_centralized_control/install/drone_ros2_centralized_control/include/drone_ros2_centralized_control/msg/detail/uav_cmd__struct.hpp
-- Up-to-date: /home/ywzheng/px4_ros_ws/src/drone_ros2_centralized_control/install/drone_ros2_centralized_control/include/drone_ros2_centralized_control/msg/detail/uav_cmd__traits.hpp
-- Up-to-date: /home/ywzheng/px4_ros_ws/src/drone_ros2_centralized_control/install/drone_ros2_centralized_control/include/drone_ros2_centralized_control/msg/detail/attitude_setpoint2__type_support.hpp
-- Up-to-date: /home/ywzheng/px4_ros_ws/src/drone_ros2_centralized_control/install/drone_ros2_centralized_control/include/drone_ros2_centralized_control/msg/detail/attitude_setpoint2__struct.hpp
-- Up-to-date: /home/ywzheng/px4_ros_ws/src/drone_ros2_centralized_control/install/drone_ros2_centralized_control/include/drone_ros2_centralized_control/msg/detail/uav_state__type_support.hpp
-- Up-to-date: /home/ywzheng/px4_ros_ws/src/drone_ros2_centralized_control/install/drone_ros2_centralized_control/include/drone_ros2_centralized_control/msg/detail/attitude_setpoint2__traits.hpp
-- Up-to-date: /home/ywzheng/px4_ros_ws/src/drone_ros2_centralized_control/install/drone_ros2_centralized_control/include/drone_ros2_centralized_control/msg/uav_cmd.hpp
-- Up-to-date: /home/ywzheng/px4_ros_ws/src/drone_ros2_centralized_control/install/drone_ros2_centralized_control/include/drone_ros2_centralized_control
-- Up-to-date: /home/ywzheng/px4_ros_ws/src/drone_ros2_centralized_control/install/drone_ros2_centralized_control/include/drone_ros2_centralized_control/msg
-- Up-to-date: /home/ywzheng/px4_ros_ws/src/drone_ros2_centralized_control/install/drone_ros2_centralized_control/include/drone_ros2_centralized_control/msg/detail
-- Up-to-date: /home/ywzheng/px4_ros_ws/src/drone_ros2_centralized_control/install/drone_ros2_centralized_control/include/drone_ros2_centralized_control/msg/detail/uav_cmd__rosidl_typesupport_introspection_cpp.hpp
-- Up-to-date: /home/ywzheng/px4_ros_ws/src/drone_ros2_centralized_control/install/drone_ros2_centralized_control/include/drone_ros2_centralized_control/msg/detail/attitude_setpoint2__type_support.cpp
-- Up-to-date: /home/ywzheng/px4_ros_ws/src/drone_ros2_centralized_control/install/drone_ros2_centralized_control/include/drone_ros2_centralized_control/msg/detail/uav_cmd__type_support.cpp
-- Up-to-date: /home/ywzheng/px4_ros_ws/src/drone_ros2_centralized_control/install/drone_ros2_centralized_control/include/drone_ros2_centralized_control/msg/detail/uav_state__type_support.cpp
-- Up-to-date: /home/ywzheng/px4_ros_ws/src/drone_ros2_centralized_control/install/drone_ros2_centralized_control/include/drone_ros2_centralized_control/msg/detail/uav_state__rosidl_typesupport_introspection_cpp.hpp
-- Up-to-date: /home/ywzheng/px4_ros_ws/src/drone_ros2_centralized_control/install/drone_ros2_centralized_control/include/drone_ros2_centralized_control/msg/detail/attitude_setpoint2__rosidl_typesupport_introspection_cpp.hpp
-- Up-to-date: /home/ywzheng/px4_ros_ws/src/drone_ros2_centralized_control/install/drone_ros2_centralized_control/lib/libdrone_ros2_centralized_control__rosidl_typesupport_introspection_cpp.so
-- Up-to-date: /home/ywzheng/px4_ros_ws/src/drone_ros2_centralized_control/install/drone_ros2_centralized_control/lib/libdrone_ros2_centralized_control__rosidl_typesupport_cpp.so
-- Up-to-date: /home/ywzheng/px4_ros_ws/src/drone_ros2_centralized_control/install/drone_ros2_centralized_control/share/drone_ros2_centralized_control/environment/pythonpath.sh
-- Installing: /home/ywzheng/px4_ros_ws/src/drone_ros2_centralized_control/install/drone_ros2_centralized_control/share/drone_ros2_centralized_control/environment/pythonpath.dsv
-- Installing: /home/ywzheng/px4_ros_ws/src/drone_ros2_centralized_control/install/drone_ros2_centralized_control/lib/python3.8/site-packages/drone_ros2_centralized_control/__init__.py
Compiling '/home/ywzheng/px4_ros_ws/src/drone_ros2_centralized_control/install/drone_ros2_centralized_control/lib/python3.8/site-packages/drone_ros2_centralized_control/__init__.py'...
-- Up-to-date: /home/ywzheng/px4_ros_ws/src/drone_ros2_centralized_control/install/drone_ros2_centralized_control/lib/python3.8/site-packages/drone_ros2_centralized_control/msg
-- Up-to-date: /home/ywzheng/px4_ros_ws/src/drone_ros2_centralized_control/install/drone_ros2_centralized_control/lib/python3.8/site-packages/drone_ros2_centralized_control/msg/_attitude_setpoint2_s.c
-- Up-to-date: /home/ywzheng/px4_ros_ws/src/drone_ros2_centralized_control/install/drone_ros2_centralized_control/lib/python3.8/site-packages/drone_ros2_centralized_control/msg/_attitude_setpoint2.py
-- Up-to-date: /home/ywzheng/px4_ros_ws/src/drone_ros2_centralized_control/install/drone_ros2_centralized_control/lib/python3.8/site-packages/drone_ros2_centralized_control/msg/__init__.py
-- Up-to-date: /home/ywzheng/px4_ros_ws/src/drone_ros2_centralized_control/install/drone_ros2_centralized_control/lib/python3.8/site-packages/drone_ros2_centralized_control/msg/_uav_cmd.py
-- Up-to-date: /home/ywzheng/px4_ros_ws/src/drone_ros2_centralized_control/install/drone_ros2_centralized_control/lib/python3.8/site-packages/drone_ros2_centralized_control/msg/_uav_state_s.c
-- Up-to-date: /home/ywzheng/px4_ros_ws/src/drone_ros2_centralized_control/install/drone_ros2_centralized_control/lib/python3.8/site-packages/drone_ros2_centralized_control/msg/_uav_state.py
-- Up-to-date: /home/ywzheng/px4_ros_ws/src/drone_ros2_centralized_control/install/drone_ros2_centralized_control/lib/python3.8/site-packages/drone_ros2_centralized_control/msg/_uav_cmd_s.c
-- Up-to-date: /home/ywzheng/px4_ros_ws/src/drone_ros2_centralized_control/install/drone_ros2_centralized_control/lib/python3.8/site-packages/drone_ros2_centralized_control/drone_ros2_centralized_control_s__rosidl_typesupport_fastrtps_c.cpython-38-x86_64-linux-gnu.so
-- Up-to-date: /home/ywzheng/px4_ros_ws/src/drone_ros2_centralized_control/install/drone_ros2_centralized_control/lib/python3.8/site-packages/drone_ros2_centralized_control/drone_ros2_centralized_control_s__rosidl_typesupport_introspection_c.cpython-38-x86_64-linux-gnu.so
-- Up-to-date: /home/ywzheng/px4_ros_ws/src/drone_ros2_centralized_control/install/drone_ros2_centralized_control/lib/python3.8/site-packages/drone_ros2_centralized_control/drone_ros2_centralized_control_s__rosidl_typesupport_c.cpython-38-x86_64-linux-gnu.so
-- Up-to-date: /home/ywzheng/px4_ros_ws/src/drone_ros2_centralized_control/install/drone_ros2_centralized_control/lib/libdrone_ros2_centralized_control__python.so
-- Up-to-date: /home/ywzheng/px4_ros_ws/src/drone_ros2_centralized_control/install/drone_ros2_centralized_control/share/drone_ros2_centralized_control/msg/UavCmd.idl
-- Up-to-date: /home/ywzheng/px4_ros_ws/src/drone_ros2_centralized_control/install/drone_ros2_centralized_control/share/drone_ros2_centralized_control/msg/UavState.idl
-- Up-to-date: /home/ywzheng/px4_ros_ws/src/drone_ros2_centralized_control/install/drone_ros2_centralized_control/share/drone_ros2_centralized_control/msg/AttitudeSetpoint2.idl
-- Up-to-date: /home/ywzheng/px4_ros_ws/src/drone_ros2_centralized_control/install/drone_ros2_centralized_control/share/drone_ros2_centralized_control/msg/UavCmd.msg
-- Up-to-date: /home/ywzheng/px4_ros_ws/src/drone_ros2_centralized_control/install/drone_ros2_centralized_control/share/drone_ros2_centralized_control/msg/UavState.msg
-- Up-to-date: /home/ywzheng/px4_ros_ws/src/drone_ros2_centralized_control/install/drone_ros2_centralized_control/share/drone_ros2_centralized_control/msg/AttitudeSetpoint2.msg
-- Up-to-date: /home/ywzheng/px4_ros_ws/src/drone_ros2_centralized_control/install/drone_ros2_centralized_control/lib/drone_ros2_centralized_control/multiple_uav_ctrl.py
-- Up-to-date: /home/ywzheng/px4_ros_ws/src/drone_ros2_centralized_control/install/drone_ros2_centralized_control/lib/drone_ros2_centralized_control/multiple_uav_waypts.py
-- Up-to-date: /home/ywzheng/px4_ros_ws/src/drone_ros2_centralized_control/install/drone_ros2_centralized_control/lib/drone_ros2_centralized_control/gazebo_px4_relay.py
-- Up-to-date: /home/ywzheng/px4_ros_ws/src/drone_ros2_centralized_control/install/drone_ros2_centralized_control/lib/drone_ros2_centralized_control/mdp_20250506_single_agent_main.py
-- Up-to-date: /home/ywzheng/px4_ros_ws/src/drone_ros2_centralized_control/install/drone_ros2_centralized_control/lib/drone_ros2_centralized_control/utils2/functions.py
-- Up-to-date: /home/ywzheng/px4_ros_ws/src/drone_ros2_centralized_control/install/drone_ros2_centralized_control/lib/drone_ros2_centralized_control/utils2/PID.py
-- Up-to-date: /home/ywzheng/px4_ros_ws/src/drone_ros2_centralized_control/install/drone_ros2_centralized_control/lib/drone_ros2_centralized_control/utils2/vis.py
-- Up-to-date: /home/ywzheng/px4_ros_ws/src/drone_ros2_centralized_control/install/drone_ros2_centralized_control/share/drone_ros2_centralized_control/model
-- Up-to-date: /home/ywzheng/px4_ros_ws/src/drone_ros2_centralized_control/install/drone_ros2_centralized_control/share/drone_ros2_centralized_control/model/robot_1.yaml
-- Up-to-date: /home/ywzheng/px4_ros_ws/src/drone_ros2_centralized_control/install/drone_ros2_centralized_control/share/drone_ros2_centralized_control/model/20250506_map_w_edges.yaml
-- Up-to-date: /home/ywzheng/px4_ros_ws/src/drone_ros2_centralized_control/install/drone_ros2_centralized_control/share/drone_ros2_centralized_control/model/robot_3.yaml
-- Up-to-date: /home/ywzheng/px4_ros_ws/src/drone_ros2_centralized_control/install/drone_ros2_centralized_control/share/drone_ros2_centralized_control/model/mapt.yaml
-- Up-to-date: /home/ywzheng/px4_ros_ws/src/drone_ros2_centralized_control/install/drone_ros2_centralized_control/share/drone_ros2_centralized_control/model/map.yaml
-- Up-to-date: /home/ywzheng/px4_ros_ws/src/drone_ros2_centralized_control/install/drone_ros2_centralized_control/share/drone_ros2_centralized_control/model/robot_2.yaml
-- Up-to-date: /home/ywzheng/px4_ros_ws/src/drone_ros2_centralized_control/install/drone_ros2_centralized_control/share/drone_ros2_centralized_control/launch
-- Up-to-date: /home/ywzheng/px4_ros_ws/src/drone_ros2_centralized_control/install/drone_ros2_centralized_control/share/drone_ros2_centralized_control/launch/mdp_20250506_single_agent.launch.py
-- Up-to-date: /home/ywzheng/px4_ros_ws/src/drone_ros2_centralized_control/install/drone_ros2_centralized_control/share/drone_ros2_centralized_control/launch/__pycache__
-- Up-to-date: /home/ywzheng/px4_ros_ws/src/drone_ros2_centralized_control/install/drone_ros2_centralized_control/share/drone_ros2_centralized_control/launch/__pycache__/mdp_20250506_single_agent.launch.cpython-38.pyc
-- Up-to-date: /home/ywzheng/px4_ros_ws/src/drone_ros2_centralized_control/install/drone_ros2_centralized_control/share/drone_ros2_centralized_control/launch/example_waypt_ctrl.launch.py
-- Up-to-date: /home/ywzheng/px4_ros_ws/src/drone_ros2_centralized_control/install/drone_ros2_centralized_control/share/drone_ros2_centralized_control/launch/example_trajectory_ctrl.launch.py
-- Up-to-date: /home/ywzheng/px4_ros_ws/src/drone_ros2_centralized_control/install/drone_ros2_centralized_control/lib/drone_ros2_centralized_control/MDP_Planner
-- Up-to-date: /home/ywzheng/px4_ros_ws/src/drone_ros2_centralized_control/install/drone_ros2_centralized_control/lib/drone_ros2_centralized_control/MDP_Planner/pickle_for_prism
-- Up-to-date: /home/ywzheng/px4_ros_ws/src/drone_ros2_centralized_control/install/drone_ros2_centralized_control/lib/drone_ros2_centralized_control/MDP_Planner/pickle_for_prism/dra_to_prism.py
-- Up-to-date: /home/ywzheng/px4_ros_ws/src/drone_ros2_centralized_control/install/drone_ros2_centralized_control/lib/drone_ros2_centralized_control/MDP_Planner/pickle_for_prism/mdp_to_prism.py
-- Up-to-date: /home/ywzheng/px4_ros_ws/src/drone_ros2_centralized_control/install/drone_ros2_centralized_control/lib/drone_ros2_centralized_control/MDP_Planner/pickle_for_prism/prod_mdp_to_prism.py
-- Up-to-date: /home/ywzheng/px4_ros_ws/src/drone_ros2_centralized_control/install/drone_ros2_centralized_control/lib/drone_ros2_centralized_control/MDP_Planner/__old
-- Up-to-date: /home/ywzheng/px4_ros_ws/src/drone_ros2_centralized_control/install/drone_ros2_centralized_control/lib/drone_ros2_centralized_control/MDP_Planner/__old/MDP_TG
-- Up-to-date: /home/ywzheng/px4_ros_ws/src/drone_ros2_centralized_control/install/drone_ros2_centralized_control/lib/drone_ros2_centralized_control/MDP_Planner/__old/MDP_TG/mdp.py
-- Up-to-date: /home/ywzheng/px4_ros_ws/src/drone_ros2_centralized_control/install/drone_ros2_centralized_control/lib/drone_ros2_centralized_control/MDP_Planner/__old/MDP_TG/lp.py
-- Up-to-date: /home/ywzheng/px4_ros_ws/src/drone_ros2_centralized_control/install/drone_ros2_centralized_control/lib/drone_ros2_centralized_control/MDP_Planner/__old/plan_and_save_w_visualization.old.py
-- Up-to-date: /home/ywzheng/px4_ros_ws/src/drone_ros2_centralized_control/install/drone_ros2_centralized_control/lib/drone_ros2_centralized_control/MDP_Planner/__old/plan_and_save.py
-- Up-to-date: /home/ywzheng/px4_ros_ws/src/drone_ros2_centralized_control/install/drone_ros2_centralized_control/lib/drone_ros2_centralized_control/MDP_Planner/Example_Default
-- Up-to-date: /home/ywzheng/px4_ros_ws/src/drone_ros2_centralized_control/install/drone_ros2_centralized_control/lib/drone_ros2_centralized_control/MDP_Planner/Example_Default/plan_and_save_w_visualization.py
-- Up-to-date: /home/ywzheng/px4_ros_ws/src/drone_ros2_centralized_control/install/drone_ros2_centralized_control/lib/drone_ros2_centralized_control/MDP_Planner/Example_Default/plan_and_save.py
-- Up-to-date: /home/ywzheng/px4_ros_ws/src/drone_ros2_centralized_control/install/drone_ros2_centralized_control/lib/drone_ros2_centralized_control/MDP_Planner/Case_Studies
-- Up-to-date: /home/ywzheng/px4_ros_ws/src/drone_ros2_centralized_control/install/drone_ros2_centralized_control/lib/drone_ros2_centralized_control/MDP_Planner/Case_Studies/example_20250425_main.py
-- Up-to-date: /home/ywzheng/px4_ros_ws/src/drone_ros2_centralized_control/install/drone_ros2_centralized_control/lib/drone_ros2_centralized_control/MDP_Planner/Case_Studies/simple_example_20250401_main.py
-- Up-to-date: /home/ywzheng/px4_ros_ws/src/drone_ros2_centralized_control/install/drone_ros2_centralized_control/lib/drone_ros2_centralized_control/MDP_Planner/Case_Studies/old
-- Up-to-date: /home/ywzheng/px4_ros_ws/src/drone_ros2_centralized_control/install/drone_ros2_centralized_control/lib/drone_ros2_centralized_control/MDP_Planner/Case_Studies/old/example_1018_room_main.py
-- Up-to-date: /home/ywzheng/px4_ros_ws/src/drone_ros2_centralized_control/install/drone_ros2_centralized_control/lib/drone_ros2_centralized_control/MDP_Planner/Case_Studies/old/example_20250105_room_main_w_opacity.py
-- Up-to-date: /home/ywzheng/px4_ros_ws/src/drone_ros2_centralized_control/install/drone_ros2_centralized_control/lib/drone_ros2_centralized_control/MDP_Planner/Case_Studies/old/example_1018_room_main_w_opacity.py
-- Up-to-date: /home/ywzheng/px4_ros_ws/src/drone_ros2_centralized_control/install/drone_ros2_centralized_control/lib/drone_ros2_centralized_control/MDP_Planner/Case_Studies/old/example_1014_main.py
-- Up-to-date: /home/ywzheng/px4_ros_ws/src/drone_ros2_centralized_control/install/drone_ros2_centralized_control/lib/drone_ros2_centralized_control/MDP_Planner/Case_Studies/old/example_1014_main_w_opacity.py
-- Up-to-date: /home/ywzheng/px4_ros_ws/src/drone_ros2_centralized_control/install/drone_ros2_centralized_control/lib/drone_ros2_centralized_control/MDP_Planner/Case_Studies/example_20250426_team_mdp_main.py
-- Up-to-date: /home/ywzheng/px4_ros_ws/src/drone_ros2_centralized_control/install/drone_ros2_centralized_control/lib/drone_ros2_centralized_control/MDP_Planner/Case_Studies/example_20250506_main.py
-- Up-to-date: /home/ywzheng/px4_ros_ws/src/drone_ros2_centralized_control/install/drone_ros2_centralized_control/lib/drone_ros2_centralized_control/MDP_Planner/Case_Studies/example_20250506_single_agent_main.py
-- Up-to-date: /home/ywzheng/px4_ros_ws/src/drone_ros2_centralized_control/install/drone_ros2_centralized_control/lib/drone_ros2_centralized_control/MDP_Planner/complex_case_study
-- Up-to-date: /home/ywzheng/px4_ros_ws/src/drone_ros2_centralized_control/install/drone_ros2_centralized_control/lib/drone_ros2_centralized_control/MDP_Planner/complex_case_study/case_study_changeSize.py
-- Up-to-date: /home/ywzheng/px4_ros_ws/src/drone_ros2_centralized_control/install/drone_ros2_centralized_control/lib/drone_ros2_centralized_control/MDP_Planner/complex_case_study/case_study_rex_changesize.py
-- Up-to-date: /home/ywzheng/px4_ros_ws/src/drone_ros2_centralized_control/install/drone_ros2_centralized_control/lib/drone_ros2_centralized_control/MDP_Planner/complex_case_study/case_study_rex.py
-- Up-to-date: /home/ywzheng/px4_ros_ws/src/drone_ros2_centralized_control/install/drone_ros2_centralized_control/lib/drone_ros2_centralized_control/MDP_Planner/complex_case_study/case_study3.py
-- Up-to-date: /home/ywzheng/px4_ros_ws/src/drone_ros2_centralized_control/install/drone_ros2_centralized_control/lib/drone_ros2_centralized_control/MDP_Planner/complex_case_study/case_study.py
-- Up-to-date: /home/ywzheng/px4_ros_ws/src/drone_ros2_centralized_control/install/drone_ros2_centralized_control/lib/drone_ros2_centralized_control/MDP_Planner/complex_case_study/case_study4.py
-- Up-to-date: /home/ywzheng/px4_ros_ws/src/drone_ros2_centralized_control/install/drone_ros2_centralized_control/lib/drone_ros2_centralized_control/MDP_Planner/complex_case_study/case_study2.py
-- Up-to-date: /home/ywzheng/px4_ros_ws/src/drone_ros2_centralized_control/install/drone_ros2_centralized_control/lib/drone_ros2_centralized_control/MDP_Planner/User
-- Up-to-date: /home/ywzheng/px4_ros_ws/src/drone_ros2_centralized_control/install/drone_ros2_centralized_control/lib/drone_ros2_centralized_control/MDP_Planner/User/lp3.py
-- Up-to-date: /home/ywzheng/px4_ros_ws/src/drone_ros2_centralized_control/install/drone_ros2_centralized_control/lib/drone_ros2_centralized_control/MDP_Planner/User/__old
-- Up-to-date: /home/ywzheng/px4_ros_ws/src/drone_ros2_centralized_control/install/drone_ros2_centralized_control/lib/drone_ros2_centralized_control/MDP_Planner/User/__old/lp.20250403.py
-- Up-to-date: /home/ywzheng/px4_ros_ws/src/drone_ros2_centralized_control/install/drone_ros2_centralized_control/lib/drone_ros2_centralized_control/MDP_Planner/User/__old/dra2.20250402.py
-- Up-to-date: /home/ywzheng/px4_ros_ws/src/drone_ros2_centralized_control/install/drone_ros2_centralized_control/lib/drone_ros2_centralized_control/MDP_Planner/User/__old/team_lp3.20250606.py
-- Up-to-date: /home/ywzheng/px4_ros_ws/src/drone_ros2_centralized_control/install/drone_ros2_centralized_control/lib/drone_ros2_centralized_control/MDP_Planner/User/__old/lp.20241012.old.py
-- Up-to-date: /home/ywzheng/px4_ros_ws/src/drone_ros2_centralized_control/install/drone_ros2_centralized_control/lib/drone_ros2_centralized_control/MDP_Planner/User/__old/lp3.20250606.py
-- Up-to-date: /home/ywzheng/px4_ros_ws/src/drone_ros2_centralized_control/install/drone_ros2_centralized_control/lib/drone_ros2_centralized_control/MDP_Planner/User/team_mdp_dra.py
-- Up-to-date: /home/ywzheng/px4_ros_ws/src/drone_ros2_centralized_control/install/drone_ros2_centralized_control/lib/drone_ros2_centralized_control/MDP_Planner/User/dra2.py
-- Up-to-date: /home/ywzheng/px4_ros_ws/src/drone_ros2_centralized_control/install/drone_ros2_centralized_control/lib/drone_ros2_centralized_control/MDP_Planner/User/team_lp3.py
-- Up-to-date: /home/ywzheng/px4_ros_ws/src/drone_ros2_centralized_control/install/drone_ros2_centralized_control/lib/drone_ros2_centralized_control/MDP_Planner/User/utils.py
-- Up-to-date: /home/ywzheng/px4_ros_ws/src/drone_ros2_centralized_control/install/drone_ros2_centralized_control/lib/drone_ros2_centralized_control/MDP_Planner/User/plot.py
-- Up-to-date: /home/ywzheng/px4_ros_ws/src/drone_ros2_centralized_control/install/drone_ros2_centralized_control/lib/drone_ros2_centralized_control/MDP_Planner/User/grid_utils.py
-- Up-to-date: /home/ywzheng/px4_ros_ws/src/drone_ros2_centralized_control/install/drone_ros2_centralized_control/lib/drone_ros2_centralized_control/MDP_Planner/User/team_dra3.py
-- Up-to-date: /home/ywzheng/px4_ros_ws/src/drone_ros2_centralized_control/install/drone_ros2_centralized_control/lib/drone_ros2_centralized_control/MDP_Planner/User/vis2.py
-- Up-to-date: /home/ywzheng/px4_ros_ws/src/drone_ros2_centralized_control/install/drone_ros2_centralized_control/lib/drone_ros2_centralized_control/MDP_Planner/User/dra3.py
-- Up-to-date: /home/ywzheng/px4_ros_ws/src/drone_ros2_centralized_control/install/drone_ros2_centralized_control/lib/drone_ros2_centralized_control/MDP_Planner/User/lp.py
-- Up-to-date: /home/ywzheng/px4_ros_ws/src/drone_ros2_centralized_control/install/drone_ros2_centralized_control/lib/drone_ros2_centralized_control/MDP_Planner/User/mdp3.py
-- Up-to-date: /home/ywzheng/px4_ros_ws/src/drone_ros2_centralized_control/install/drone_ros2_centralized_control/lib/drone_ros2_centralized_control/MDP_Planner/pics
-- Up-to-date: /home/ywzheng/px4_ros_ws/src/drone_ros2_centralized_control/install/drone_ros2_centralized_control/lib/drone_ros2_centralized_control/MDP_Planner/Map
-- Up-to-date: /home/ywzheng/px4_ros_ws/src/drone_ros2_centralized_control/install/drone_ros2_centralized_control/lib/drone_ros2_centralized_control/MDP_Planner/Map/example_20250506_grid_2_waypt.py
-- Up-to-date: /home/ywzheng/px4_ros_ws/src/drone_ros2_centralized_control/install/drone_ros2_centralized_control/lib/drone_ros2_centralized_control/MDP_Planner/Map/example_20250506_team_mdp.py
-- Up-to-date: /home/ywzheng/px4_ros_ws/src/drone_ros2_centralized_control/install/drone_ros2_centralized_control/lib/drone_ros2_centralized_control/MDP_Planner/Map/example_20250506_grid_single_agent.py
-- Up-to-date: /home/ywzheng/px4_ros_ws/src/drone_ros2_centralized_control/install/drone_ros2_centralized_control/lib/drone_ros2_centralized_control/MDP_Planner/Map/vis_4_plan_and_save.py
-- Up-to-date: /home/ywzheng/px4_ros_ws/src/drone_ros2_centralized_control/install/drone_ros2_centralized_control/lib/drone_ros2_centralized_control/MDP_Planner/Map/example_20250425.py
-- Up-to-date: /home/ywzheng/px4_ros_ws/src/drone_ros2_centralized_control/install/drone_ros2_centralized_control/lib/drone_ros2_centralized_control/MDP_Planner/Map/old
-- Up-to-date: /home/ywzheng/px4_ros_ws/src/drone_ros2_centralized_control/install/drone_ros2_centralized_control/lib/drone_ros2_centralized_control/MDP_Planner/Map/old/example_room_1018.old.py
-- Up-to-date: /home/ywzheng/px4_ros_ws/src/drone_ros2_centralized_control/install/drone_ros2_centralized_control/lib/drone_ros2_centralized_control/MDP_Planner/Map/old/simple_example_20250401.old.simple_fesaible.py
-- Up-to-date: /home/ywzheng/px4_ros_ws/src/drone_ros2_centralized_control/install/drone_ros2_centralized_control/lib/drone_ros2_centralized_control/MDP_Planner/Map/old/simple_example_20250401.old.py
-- Up-to-date: /home/ywzheng/px4_ros_ws/src/drone_ros2_centralized_control/install/drone_ros2_centralized_control/lib/drone_ros2_centralized_control/MDP_Planner/Map/old/example_room_1018.py
-- Up-to-date: /home/ywzheng/px4_ros_ws/src/drone_ros2_centralized_control/install/drone_ros2_centralized_control/lib/drone_ros2_centralized_control/MDP_Planner/Map/old/example_room_20250105.py
-- Up-to-date: /home/ywzheng/px4_ros_ws/src/drone_ros2_centralized_control/install/drone_ros2_centralized_control/lib/drone_ros2_centralized_control/MDP_Planner/Map/old/example_8x5_1014.py
-- Up-to-date: /home/ywzheng/px4_ros_ws/src/drone_ros2_centralized_control/install/drone_ros2_centralized_control/lib/drone_ros2_centralized_control/MDP_Planner/Map/example_20250426_team_mdp.py
-- Up-to-date: /home/ywzheng/px4_ros_ws/src/drone_ros2_centralized_control/install/drone_ros2_centralized_control/lib/drone_ros2_centralized_control/MDP_Planner/Map/yaml
-- Up-to-date: /home/ywzheng/px4_ros_ws/src/drone_ros2_centralized_control/install/drone_ros2_centralized_control/lib/drone_ros2_centralized_control/MDP_Planner/Map/simple_example_20250401.py
-- Up-to-date: /home/ywzheng/px4_ros_ws/src/drone_ros2_centralized_control/install/drone_ros2_centralized_control/lib/drone_ros2_centralized_control/MDP_Planner/v_rep
-- Up-to-date: /home/ywzheng/px4_ros_ws/src/drone_ros2_centralized_control/install/drone_ros2_centralized_control/lib/drone_ros2_centralized_control/MDP_Planner/v_rep/vrep.py
-- Up-to-date: /home/ywzheng/px4_ros_ws/src/drone_ros2_centralized_control/install/drone_ros2_centralized_control/lib/drone_ros2_centralized_control/MDP_Planner/v_rep/load_model.py
-- Up-to-date: /home/ywzheng/px4_ros_ws/src/drone_ros2_centralized_control/install/drone_ros2_centralized_control/lib/drone_ros2_centralized_control/MDP_Planner/v_rep/plan_synthesis.py
-- Up-to-date: /home/ywzheng/px4_ros_ws/src/drone_ros2_centralized_control/install/drone_ros2_centralized_control/lib/drone_ros2_centralized_control/MDP_Planner/v_rep/plan_execution.py
-- Up-to-date: /home/ywzheng/px4_ros_ws/src/drone_ros2_centralized_control/install/drone_ros2_centralized_control/lib/drone_ros2_centralized_control/MDP_Planner/v_rep/vrepConst.py
-- Up-to-date: /home/ywzheng/px4_ros_ws/src/drone_ros2_centralized_control/install/drone_ros2_centralized_control/lib/drone_ros2_centralized_control/MDP_Planner/MDP_TG
-- Up-to-date: /home/ywzheng/px4_ros_ws/src/drone_ros2_centralized_control/install/drone_ros2_centralized_control/lib/drone_ros2_centralized_control/MDP_Planner/MDP_TG/dra.py
-- Up-to-date: /home/ywzheng/px4_ros_ws/src/drone_ros2_centralized_control/install/drone_ros2_centralized_control/lib/drone_ros2_centralized_control/MDP_Planner/MDP_TG/__init__.py
-- Up-to-date: /home/ywzheng/px4_ros_ws/src/drone_ros2_centralized_control/install/drone_ros2_centralized_control/lib/drone_ros2_centralized_control/MDP_Planner/MDP_TG/figures
-- Up-to-date: /home/ywzheng/px4_ros_ws/src/drone_ros2_centralized_control/install/drone_ros2_centralized_control/lib/drone_ros2_centralized_control/MDP_Planner/MDP_TG/old
-- Up-to-date: /home/ywzheng/px4_ros_ws/src/drone_ros2_centralized_control/install/drone_ros2_centralized_control/lib/drone_ros2_centralized_control/MDP_Planner/MDP_TG/old/lp.20241018.old.py
-- Up-to-date: /home/ywzheng/px4_ros_ws/src/drone_ros2_centralized_control/install/drone_ros2_centralized_control/lib/drone_ros2_centralized_control/MDP_Planner/MDP_TG/mdp.py
-- Up-to-date: /home/ywzheng/px4_ros_ws/src/drone_ros2_centralized_control/install/drone_ros2_centralized_control/lib/drone_ros2_centralized_control/MDP_Planner/MDP_TG/vis.py
-- Up-to-date: /home/ywzheng/px4_ros_ws/src/drone_ros2_centralized_control/install/drone_ros2_centralized_control/lib/drone_ros2_centralized_control/MDP_Planner/MDP_TG/lp.py
-- Up-to-date: /home/ywzheng/px4_ros_ws/src/drone_ros2_centralized_control/install/drone_ros2_centralized_control/lib/drone_ros2_centralized_control/MDP_Planner/MDP_TG/promela.py
-- Up-to-date: /home/ywzheng/px4_ros_ws/src/drone_ros2_centralized_control/install/drone_ros2_centralized_control/lib/drone_ros2_centralized_control/MDP_Planner/MDP_TG/ltl2dra.py
-- Up-to-date: /home/ywzheng/px4_ros_ws/src/drone_ros2_centralized_control/install/drone_ros2_centralized_control/lib/drone_ros2_centralized_control/MDP_Planner/.vscode
-- Up-to-date: /home/ywzheng/px4_ros_ws/src/drone_ros2_centralized_control/install/drone_ros2_centralized_control/lib/drone_ros2_centralized_control/MDP_Planner/test_example.py
-- Up-to-date: /home/ywzheng/px4_ros_ws/src/drone_ros2_centralized_control/install/drone_ros2_centralized_control/lib/drone_ros2_centralized_control/MDP_Planner/.idea
-- Up-to-date: /home/ywzheng/px4_ros_ws/src/drone_ros2_centralized_control/install/drone_ros2_centralized_control/lib/drone_ros2_centralized_control/MDP_Planner/.idea/inspectionProfiles
-- Up-to-date: /home/ywzheng/px4_ros_ws/src/drone_ros2_centralized_control/install/drone_ros2_centralized_control/share/ament_index/resource_index/package_run_dependencies/drone_ros2_centralized_control
-- Up-to-date: /home/ywzheng/px4_ros_ws/src/drone_ros2_centralized_control/install/drone_ros2_centralized_control/share/ament_index/resource_index/parent_prefix_path/drone_ros2_centralized_control
-- Up-to-date: /home/ywzheng/px4_ros_ws/src/drone_ros2_centralized_control/install/drone_ros2_centralized_control/share/drone_ros2_centralized_control/environment/ament_prefix_path.sh
-- Installing: /home/ywzheng/px4_ros_ws/src/drone_ros2_centralized_control/install/drone_ros2_centralized_control/share/drone_ros2_centralized_control/environment/ament_prefix_path.dsv
-- Up-to-date: /home/ywzheng/px4_ros_ws/src/drone_ros2_centralized_control/install/drone_ros2_centralized_control/share/drone_ros2_centralized_control/environment/path.sh
-- Installing: /home/ywzheng/px4_ros_ws/src/drone_ros2_centralized_control/install/drone_ros2_centralized_control/share/drone_ros2_centralized_control/environment/path.dsv
-- Up-to-date: /home/ywzheng/px4_ros_ws/src/drone_ros2_centralized_control/install/drone_ros2_centralized_control/share/drone_ros2_centralized_control/local_setup.bash
-- Up-to-date: /home/ywzheng/px4_ros_ws/src/drone_ros2_centralized_control/install/drone_ros2_centralized_control/share/drone_ros2_centralized_control/local_setup.sh
-- Up-to-date: /home/ywzheng/px4_ros_ws/src/drone_ros2_centralized_control/install/drone_ros2_centralized_control/share/drone_ros2_centralized_control/local_setup.zsh
-- Installing: /home/ywzheng/px4_ros_ws/src/drone_ros2_centralized_control/install/drone_ros2_centralized_control/share/drone_ros2_centralized_control/local_setup.dsv
-- Installing: /home/ywzheng/px4_ros_ws/src/drone_ros2_centralized_control/install/drone_ros2_centralized_control/share/drone_ros2_centralized_control/package.dsv
-- Up-to-date: /home/ywzheng/px4_ros_ws/src/drone_ros2_centralized_control/install/drone_ros2_centralized_control/share/ament_index/resource_index/packages/drone_ros2_centralized_control
-- Up-to-date: /home/ywzheng/px4_ros_ws/src/drone_ros2_centralized_control/install/drone_ros2_centralized_control/share/drone_ros2_centralized_control/cmake/drone_ros2_centralized_control__rosidl_generator_cExport.cmake
-- Up-to-date: /home/ywzheng/px4_ros_ws/src/drone_ros2_centralized_control/install/drone_ros2_centralized_control/share/drone_ros2_centralized_control/cmake/drone_ros2_centralized_control__rosidl_generator_cExport-noconfig.cmake
-- Up-to-date: /home/ywzheng/px4_ros_ws/src/drone_ros2_centralized_control/install/drone_ros2_centralized_control/share/drone_ros2_centralized_control/cmake/drone_ros2_centralized_control__rosidl_typesupport_introspection_cExport.cmake
-- Up-to-date: /home/ywzheng/px4_ros_ws/src/drone_ros2_centralized_control/install/drone_ros2_centralized_control/share/drone_ros2_centralized_control/cmake/drone_ros2_centralized_control__rosidl_typesupport_introspection_cExport-noconfig.cmake
-- Up-to-date: /home/ywzheng/px4_ros_ws/src/drone_ros2_centralized_control/install/drone_ros2_centralized_control/share/drone_ros2_centralized_control/cmake/drone_ros2_centralized_control__rosidl_typesupport_cExport.cmake
-- Up-to-date: /home/ywzheng/px4_ros_ws/src/drone_ros2_centralized_control/install/drone_ros2_centralized_control/share/drone_ros2_centralized_control/cmake/drone_ros2_centralized_control__rosidl_typesupport_cExport-noconfig.cmake
-- Up-to-date: /home/ywzheng/px4_ros_ws/src/drone_ros2_centralized_control/install/drone_ros2_centralized_control/share/drone_ros2_centralized_control/cmake/drone_ros2_centralized_control__rosidl_generator_cppExport.cmake
-- Up-to-date: /home/ywzheng/px4_ros_ws/src/drone_ros2_centralized_control/install/drone_ros2_centralized_control/share/drone_ros2_centralized_control/cmake/drone_ros2_centralized_control__rosidl_typesupport_introspection_cppExport.cmake
-- Up-to-date: /home/ywzheng/px4_ros_ws/src/drone_ros2_centralized_control/install/drone_ros2_centralized_control/share/drone_ros2_centralized_control/cmake/drone_ros2_centralized_control__rosidl_typesupport_introspection_cppExport-noconfig.cmake
-- Up-to-date: /home/ywzheng/px4_ros_ws/src/drone_ros2_centralized_control/install/drone_ros2_centralized_control/share/drone_ros2_centralized_control/cmake/drone_ros2_centralized_control__rosidl_typesupport_cppExport.cmake
-- Up-to-date: /home/ywzheng/px4_ros_ws/src/drone_ros2_centralized_control/install/drone_ros2_centralized_control/share/drone_ros2_centralized_control/cmake/drone_ros2_centralized_control__rosidl_typesupport_cppExport-noconfig.cmake
-- Up-to-date: /home/ywzheng/px4_ros_ws/src/drone_ros2_centralized_control/install/drone_ros2_centralized_control/share/drone_ros2_centralized_control/cmake/rosidl_cmake-extras.cmake
-- Up-to-date: /home/ywzheng/px4_ros_ws/src/drone_ros2_centralized_control/install/drone_ros2_centralized_control/share/drone_ros2_centralized_control/cmake/ament_cmake_export_dependencies-extras.cmake
-- Up-to-date: /home/ywzheng/px4_ros_ws/src/drone_ros2_centralized_control/install/drone_ros2_centralized_control/share/drone_ros2_centralized_control/cmake/ament_cmake_export_libraries-extras.cmake
-- Up-to-date: /home/ywzheng/px4_ros_ws/src/drone_ros2_centralized_control/install/drone_ros2_centralized_control/share/drone_ros2_centralized_control/cmake/ament_cmake_export_targets-extras.cmake
-- Up-to-date: /home/ywzheng/px4_ros_ws/src/drone_ros2_centralized_control/install/drone_ros2_centralized_control/share/drone_ros2_centralized_control/cmake/ament_cmake_export_include_directories-extras.cmake
-- Up-to-date: /home/ywzheng/px4_ros_ws/src/drone_ros2_centralized_control/install/drone_ros2_centralized_control/share/drone_ros2_centralized_control/cmake/rosidl_cmake_export_typesupport_libraries-extras.cmake
-- Up-to-date: /home/ywzheng/px4_ros_ws/src/drone_ros2_centralized_control/install/drone_ros2_centralized_control/share/drone_ros2_centralized_control/cmake/rosidl_cmake_export_typesupport_targets-extras.cmake
-- Up-to-date: /home/ywzheng/px4_ros_ws/src/drone_ros2_centralized_control/install/drone_ros2_centralized_control/share/drone_ros2_centralized_control/cmake/drone_ros2_centralized_controlConfig.cmake
-- Up-to-date: /home/ywzheng/px4_ros_ws/src/drone_ros2_centralized_control/install/drone_ros2_centralized_control/share/drone_ros2_centralized_control/cmake/drone_ros2_centralized_controlConfig-version.cmake
-- Up-to-date: /home/ywzheng/px4_ros_ws/src/drone_ros2_centralized_control/install/drone_ros2_centralized_control/share/drone_ros2_centralized_control/package.xml
