[0.106s] DEBUG:colcon:Command line arguments: ['/usr/bin/colcon', 'build']
[0.106s] DEBUG:colcon:Parsed command line arguments: Namespace(allow_overriding=[], ament_cmake_args=None, base_paths=['.'], build_base='build', catkin_cmake_args=None, catkin_skip_building_tests=False, cmake_args=None, cmake_clean_cache=False, cmake_clean_first=False, cmake_force_configure=False, cmake_target=None, cmake_target_skip_unavailable=False, continue_on_error=False, event_handlers=None, executor='parallel', ignore_user_meta=False, install_base='install', log_base=None, log_level=None, main=<bound method BuildVerb.main of <colcon_core.verb.build.BuildVerb object at 0x7fae621aa6a0>>, merge_install=False, metas=['./colcon.meta'], packages_above=None, packages_above_and_dependencies=None, packages_above_depth=None, packages_end=None, packages_ignore=None, packages_ignore_regex=None, packages_select=None, packages_select_build_failed=False, packages_select_by_dep=None, packages_select_regex=None, packages_select_test_failures=False, packages_skip=None, packages_skip_build_finished=False, packages_skip_by_dep=None, packages_skip_regex=None, packages_skip_test_passed=False, packages_skip_up_to=None, packages_start=None, packages_up_to=None, packages_up_to_regex=None, parallel_workers=12, paths=None, symlink_install=False, test_result_base=None, verb_extension=<colcon_core.verb.build.BuildVerb object at 0x7fae621aa6a0>, verb_name='build', verb_parser=<colcon_defaults.argument_parser.defaults.DefaultArgumentsDecorator object at 0x7fae621aabb0>)
[0.186s] Level 1:colcon.colcon_core.package_discovery:discover_packages(colcon_meta) check parameters
[0.187s] Level 1:colcon.colcon_core.package_discovery:discover_packages(recursive) check parameters
[0.187s] Level 1:colcon.colcon_core.package_discovery:discover_packages(ignore) check parameters
[0.187s] Level 1:colcon.colcon_core.package_discovery:discover_packages(path) check parameters
[0.187s] Level 1:colcon.colcon_core.package_discovery:discover_packages(colcon_meta) discover
[0.187s] Level 1:colcon.colcon_core.package_discovery:discover_packages(recursive) discover
[0.187s] INFO:colcon.colcon_core.package_discovery:Crawling recursively for packages in '/home/ywzheng/px4_ros_ws/src/drone_ros2_centralized_control'
[0.187s] Level 1:colcon.colcon_core.package_identification:_identify(.) by extensions ['ignore', 'ignore_ament_install']
[0.187s] Level 1:colcon.colcon_core.package_identification:_identify(.) by extension 'ignore'
[0.187s] Level 1:colcon.colcon_core.package_identification:_identify(.) by extension 'ignore_ament_install'
[0.187s] Level 1:colcon.colcon_core.package_identification:_identify(.) by extensions ['colcon_pkg']
[0.187s] Level 1:colcon.colcon_core.package_identification:_identify(.) by extension 'colcon_pkg'
[0.187s] Level 1:colcon.colcon_core.package_identification:_identify(.) by extensions ['colcon_meta']
[0.187s] Level 1:colcon.colcon_core.package_identification:_identify(.) by extension 'colcon_meta'
[0.187s] Level 1:colcon.colcon_core.package_identification:_identify(.) by extensions ['ros']
[0.187s] Level 1:colcon.colcon_core.package_identification:_identify(.) by extension 'ros'
[0.195s] DEBUG:colcon.colcon_core.package_identification:Package '.' with type 'ros.ament_cmake' and name 'drone_ros2_centralized_control'
[0.195s] Level 1:colcon.colcon_core.package_discovery:discover_packages(recursive) using defaults
[0.195s] Level 1:colcon.colcon_core.package_discovery:discover_packages(ignore) discover
[0.195s] Level 1:colcon.colcon_core.package_discovery:discover_packages(ignore) using defaults
[0.195s] Level 1:colcon.colcon_core.package_discovery:discover_packages(path) discover
[0.195s] Level 1:colcon.colcon_core.package_discovery:discover_packages(path) using defaults
[0.204s] Level 1:colcon.colcon_core.package_discovery:discover_packages(prefix_path) check parameters
[0.204s] Level 1:colcon.colcon_core.package_discovery:discover_packages(prefix_path) discover
[0.204s] WARNING:colcon.colcon_core.prefix_path.colcon:The path '/home/ywzheng/px4_ros_ws/install' in the environment variable COLCON_PREFIX_PATH doesn't exist
[0.204s] WARNING:colcon.colcon_ros.prefix_path.ament:The path '/home/ywzheng/px4_ros_ws/install/rviz_plugin' in the environment variable AMENT_PREFIX_PATH doesn't exist
[0.205s] WARNING:colcon.colcon_ros.prefix_path.ament:The path '/home/ywzheng/px4_ros_ws/install/px4_ros_com' in the environment variable AMENT_PREFIX_PATH doesn't exist
[0.205s] WARNING:colcon.colcon_ros.prefix_path.ament:The path '/home/ywzheng/px4_ros_ws/install/drone_ros2_centralized_control' in the environment variable AMENT_PREFIX_PATH doesn't exist
[0.205s] WARNING:colcon.colcon_ros.prefix_path.ament:The path '/home/ywzheng/px4_ros_ws/install/comp29_gazebo_bridge' in the environment variable AMENT_PREFIX_PATH doesn't exist
[0.205s] WARNING:colcon.colcon_ros.prefix_path.ament:The path '/home/ywzheng/px4_ros_ws/install/px4_msgs' in the environment variable AMENT_PREFIX_PATH doesn't exist
[0.205s] WARNING:colcon.colcon_ros.prefix_path.ament:The path '/home/ywzheng/px4_ros_ws/install/drone_ros2_centeralized_control' in the environment variable AMENT_PREFIX_PATH doesn't exist
[0.205s] WARNING:colcon.colcon_ros.prefix_path.ament:The path '/home/ywzheng/px4_ros_ws/install/comp29planner' in the environment variable AMENT_PREFIX_PATH doesn't exist
[0.205s] WARNING:colcon.colcon_ros.prefix_path.ament:The path '/home/ywzheng/px4_ros_ws/install/comp29msg' in the environment variable AMENT_PREFIX_PATH doesn't exist
[0.205s] WARNING:colcon.colcon_ros.prefix_path.ament:The path '/home/ywzheng/px4_ros_ws/install/comp29localization' in the environment variable AMENT_PREFIX_PATH doesn't exist
[0.205s] WARNING:colcon.colcon_ros.prefix_path.ament:The path '/home/ywzheng/px4_ros_ws/install/comp29hardware' in the environment variable AMENT_PREFIX_PATH doesn't exist
[0.205s] WARNING:colcon.colcon_ros.prefix_path.ament:The path '/home/ywzheng/px4_ros_ws/install/comp29detector' in the environment variable AMENT_PREFIX_PATH doesn't exist
[0.205s] WARNING:colcon.colcon_ros.prefix_path.ament:The path '/home/ywzheng/px4_ros_ws/install/comp29communicator' in the environment variable AMENT_PREFIX_PATH doesn't exist
[0.205s] WARNING:colcon.colcon_ros.prefix_path.catkin:The path '/home/ywzheng/px4_ros_ws/install/px4_ros_com' in the environment variable CMAKE_PREFIX_PATH doesn't exist
[0.205s] WARNING:colcon.colcon_ros.prefix_path.catkin:The path '/home/ywzheng/px4_ros_ws/install/drone_ros2_centralized_control' in the environment variable CMAKE_PREFIX_PATH doesn't exist
[0.205s] WARNING:colcon.colcon_ros.prefix_path.catkin:The path '/home/ywzheng/px4_ros_ws/install/comp29_gazebo_bridge' in the environment variable CMAKE_PREFIX_PATH doesn't exist
[0.205s] WARNING:colcon.colcon_ros.prefix_path.catkin:The path '/home/ywzheng/px4_ros_ws/install/px4_msgs' in the environment variable CMAKE_PREFIX_PATH doesn't exist
[0.205s] WARNING:colcon.colcon_ros.prefix_path.catkin:The path '/home/ywzheng/px4_ros_ws/install/drone_ros2_centeralized_control' in the environment variable CMAKE_PREFIX_PATH doesn't exist
[0.205s] WARNING:colcon.colcon_ros.prefix_path.catkin:The path '/home/ywzheng/px4_ros_ws/install/comp29msg' in the environment variable CMAKE_PREFIX_PATH doesn't exist
[0.206s] DEBUG:colcon.colcon_installed_package_information.package_discovery:Found 374 installed packages in /opt/ros/foxy
[0.212s] Level 1:colcon.colcon_core.package_discovery:discover_packages(prefix_path) using defaults
[0.250s] Level 5:colcon.colcon_core.verb:set package 'drone_ros2_centralized_control' build argument 'cmake_args' from command line to 'None'
[0.250s] Level 5:colcon.colcon_core.verb:set package 'drone_ros2_centralized_control' build argument 'cmake_target' from command line to 'None'
[0.250s] Level 5:colcon.colcon_core.verb:set package 'drone_ros2_centralized_control' build argument 'cmake_target_skip_unavailable' from command line to 'False'
[0.250s] Level 5:colcon.colcon_core.verb:set package 'drone_ros2_centralized_control' build argument 'cmake_clean_cache' from command line to 'False'
[0.250s] Level 5:colcon.colcon_core.verb:set package 'drone_ros2_centralized_control' build argument 'cmake_clean_first' from command line to 'False'
[0.250s] Level 5:colcon.colcon_core.verb:set package 'drone_ros2_centralized_control' build argument 'cmake_force_configure' from command line to 'False'
[0.250s] Level 5:colcon.colcon_core.verb:set package 'drone_ros2_centralized_control' build argument 'ament_cmake_args' from command line to 'None'
[0.250s] Level 5:colcon.colcon_core.verb:set package 'drone_ros2_centralized_control' build argument 'catkin_cmake_args' from command line to 'None'
[0.250s] Level 5:colcon.colcon_core.verb:set package 'drone_ros2_centralized_control' build argument 'catkin_skip_building_tests' from command line to 'False'
[0.250s] DEBUG:colcon.colcon_core.verb:Building package 'drone_ros2_centralized_control' with the following arguments: {'ament_cmake_args': None, 'build_base': '/home/ywzheng/px4_ros_ws/src/drone_ros2_centralized_control/build/drone_ros2_centralized_control', 'catkin_cmake_args': None, 'catkin_skip_building_tests': False, 'cmake_args': None, 'cmake_clean_cache': False, 'cmake_clean_first': False, 'cmake_force_configure': False, 'cmake_target': None, 'cmake_target_skip_unavailable': False, 'install_base': '/home/ywzheng/px4_ros_ws/src/drone_ros2_centralized_control/install/drone_ros2_centralized_control', 'merge_install': False, 'path': '/home/ywzheng/px4_ros_ws/src/drone_ros2_centralized_control', 'symlink_install': False, 'test_result_base': None}
[0.250s] INFO:colcon.colcon_core.executor:Executing jobs using 'parallel' executor
[0.251s] DEBUG:colcon.colcon_parallel_executor.executor.parallel:run_until_complete
[0.251s] INFO:colcon.colcon_ros.task.ament_cmake.build:Building ROS package in '/home/ywzheng/px4_ros_ws/src/drone_ros2_centralized_control' with build type 'ament_cmake'
[0.251s] INFO:colcon.colcon_cmake.task.cmake.build:Building CMake package in '/home/ywzheng/px4_ros_ws/src/drone_ros2_centralized_control'
[0.252s] INFO:colcon.colcon_core.plugin_system:Skipping extension 'colcon_core.shell.bat': Not used on non-Windows systems
[0.252s] INFO:colcon.colcon_core.shell:Skip shell extension 'powershell' for command environment: Not usable outside of PowerShell
[0.252s] DEBUG:colcon.colcon_core.shell:Skip shell extension 'dsv' for command environment
[0.259s] DEBUG:colcon.colcon_core.event_handler.log_command:Invoking command in '/home/ywzheng/px4_ros_ws/src/drone_ros2_centralized_control/build/drone_ros2_centralized_control': CMAKE_PREFIX_PATH=${CMAKE_PREFIX_PATH}:/home/ywzheng/px4_ros_ws/install/rviz_plugin:/home/ywzheng/px4_ros_ws/install/comp29planner:/home/ywzheng/px4_ros_ws/install/comp29localization:/home/ywzheng/px4_ros_ws/install/comp29hardware:/home/ywzheng/px4_ros_ws/install/comp29detector:/home/ywzheng/px4_ros_ws/install/comp29communicator:/opt/ros/foxy /usr/local/bin/cmake --build /home/ywzheng/px4_ros_ws/src/drone_ros2_centralized_control/build/drone_ros2_centralized_control -- -j12 -l12
[0.621s] DEBUG:colcon.colcon_core.event_handler.log_command:Invoked command in '/home/ywzheng/px4_ros_ws/src/drone_ros2_centralized_control/build/drone_ros2_centralized_control' returned '2': CMAKE_PREFIX_PATH=${CMAKE_PREFIX_PATH}:/home/ywzheng/px4_ros_ws/install/rviz_plugin:/home/ywzheng/px4_ros_ws/install/comp29planner:/home/ywzheng/px4_ros_ws/install/comp29localization:/home/ywzheng/px4_ros_ws/install/comp29hardware:/home/ywzheng/px4_ros_ws/install/comp29detector:/home/ywzheng/px4_ros_ws/install/comp29communicator:/opt/ros/foxy /usr/local/bin/cmake --build /home/ywzheng/px4_ros_ws/src/drone_ros2_centralized_control/build/drone_ros2_centralized_control -- -j12 -l12
[0.621s] Level 1:colcon.colcon_core.environment:create_environment_scripts_only(drone_ros2_centralized_control)
[0.622s] Level 1:colcon.colcon_core.environment:checking '/home/ywzheng/px4_ros_ws/src/drone_ros2_centralized_control/install/drone_ros2_centralized_control' for CMake module files
[0.623s] Level 1:colcon.colcon_core.environment:checking '/home/ywzheng/px4_ros_ws/src/drone_ros2_centralized_control/install/drone_ros2_centralized_control' for CMake config files
[0.623s] Level 1:colcon.colcon_core.shell:create_environment_hook('drone_ros2_centralized_control', 'cmake_prefix_path')
[0.623s] INFO:colcon.colcon_core.shell:Creating environment hook '/home/ywzheng/px4_ros_ws/src/drone_ros2_centralized_control/install/drone_ros2_centralized_control/share/drone_ros2_centralized_control/hook/cmake_prefix_path.ps1'
[0.623s] INFO:colcon.colcon_core.shell:Creating environment descriptor '/home/ywzheng/px4_ros_ws/src/drone_ros2_centralized_control/install/drone_ros2_centralized_control/share/drone_ros2_centralized_control/hook/cmake_prefix_path.dsv'
[0.624s] INFO:colcon.colcon_core.shell:Creating environment hook '/home/ywzheng/px4_ros_ws/src/drone_ros2_centralized_control/install/drone_ros2_centralized_control/share/drone_ros2_centralized_control/hook/cmake_prefix_path.sh'
[0.624s] Level 1:colcon.colcon_core.environment:checking '/home/ywzheng/px4_ros_ws/src/drone_ros2_centralized_control/install/drone_ros2_centralized_control/lib'
[0.624s] Level 1:colcon.colcon_core.shell:create_environment_hook('drone_ros2_centralized_control', 'ld_library_path_lib')
[0.624s] INFO:colcon.colcon_core.shell:Creating environment hook '/home/ywzheng/px4_ros_ws/src/drone_ros2_centralized_control/install/drone_ros2_centralized_control/share/drone_ros2_centralized_control/hook/ld_library_path_lib.ps1'
[0.624s] INFO:colcon.colcon_core.shell:Creating environment descriptor '/home/ywzheng/px4_ros_ws/src/drone_ros2_centralized_control/install/drone_ros2_centralized_control/share/drone_ros2_centralized_control/hook/ld_library_path_lib.dsv'
[0.625s] INFO:colcon.colcon_core.shell:Creating environment hook '/home/ywzheng/px4_ros_ws/src/drone_ros2_centralized_control/install/drone_ros2_centralized_control/share/drone_ros2_centralized_control/hook/ld_library_path_lib.sh'
[0.625s] Level 1:colcon.colcon_core.environment:checking '/home/ywzheng/px4_ros_ws/src/drone_ros2_centralized_control/install/drone_ros2_centralized_control/bin'
[0.625s] Level 1:colcon.colcon_core.environment:checking '/home/ywzheng/px4_ros_ws/src/drone_ros2_centralized_control/install/drone_ros2_centralized_control/lib/pkgconfig/drone_ros2_centralized_control.pc'
[0.625s] Level 1:colcon.colcon_core.environment:checking '/home/ywzheng/px4_ros_ws/src/drone_ros2_centralized_control/install/drone_ros2_centralized_control/lib/python3.8/site-packages'
[0.625s] Level 1:colcon.colcon_core.shell:create_environment_hook('drone_ros2_centralized_control', 'pythonpath')
[0.625s] INFO:colcon.colcon_core.shell:Creating environment hook '/home/ywzheng/px4_ros_ws/src/drone_ros2_centralized_control/install/drone_ros2_centralized_control/share/drone_ros2_centralized_control/hook/pythonpath.ps1'
[0.625s] INFO:colcon.colcon_core.shell:Creating environment descriptor '/home/ywzheng/px4_ros_ws/src/drone_ros2_centralized_control/install/drone_ros2_centralized_control/share/drone_ros2_centralized_control/hook/pythonpath.dsv'
[0.625s] INFO:colcon.colcon_core.shell:Creating environment hook '/home/ywzheng/px4_ros_ws/src/drone_ros2_centralized_control/install/drone_ros2_centralized_control/share/drone_ros2_centralized_control/hook/pythonpath.sh'
[0.626s] Level 1:colcon.colcon_core.environment:checking '/home/ywzheng/px4_ros_ws/src/drone_ros2_centralized_control/install/drone_ros2_centralized_control/bin'
[0.626s] INFO:colcon.colcon_core.shell:Creating package script '/home/ywzheng/px4_ros_ws/src/drone_ros2_centralized_control/install/drone_ros2_centralized_control/share/drone_ros2_centralized_control/package.ps1'
[0.626s] INFO:colcon.colcon_core.shell:Creating package descriptor '/home/ywzheng/px4_ros_ws/src/drone_ros2_centralized_control/install/drone_ros2_centralized_control/share/drone_ros2_centralized_control/package.dsv'
[0.627s] INFO:colcon.colcon_core.shell:Creating package script '/home/ywzheng/px4_ros_ws/src/drone_ros2_centralized_control/install/drone_ros2_centralized_control/share/drone_ros2_centralized_control/package.sh'
[0.627s] INFO:colcon.colcon_core.shell:Creating package script '/home/ywzheng/px4_ros_ws/src/drone_ros2_centralized_control/install/drone_ros2_centralized_control/share/drone_ros2_centralized_control/package.bash'
[0.627s] INFO:colcon.colcon_core.shell:Creating package script '/home/ywzheng/px4_ros_ws/src/drone_ros2_centralized_control/install/drone_ros2_centralized_control/share/drone_ros2_centralized_control/package.zsh'
[0.628s] Level 1:colcon.colcon_core.environment:create_file_with_runtime_dependencies(/home/ywzheng/px4_ros_ws/src/drone_ros2_centralized_control/install/drone_ros2_centralized_control/share/colcon-core/packages/drone_ros2_centralized_control)
[0.638s] DEBUG:colcon.colcon_parallel_executor.executor.parallel:closing loop
[0.638s] DEBUG:colcon.colcon_parallel_executor.executor.parallel:loop closed
[0.638s] DEBUG:colcon.colcon_parallel_executor.executor.parallel:run_until_complete finished with '2'
[0.638s] DEBUG:colcon.colcon_core.event_reactor:joining thread
[0.642s] INFO:colcon.colcon_core.plugin_system:Skipping extension 'colcon_notification.desktop_notification.terminal_notifier': Not used on non-Darwin systems
[0.642s] INFO:colcon.colcon_core.plugin_system:Skipping extension 'colcon_notification.desktop_notification.win32': Not used on non-Windows systems
[0.643s] INFO:colcon.colcon_notification.desktop_notification:Sending desktop notification using 'notify2'
[0.653s] DEBUG:colcon.colcon_core.event_reactor:joined thread
[0.654s] INFO:colcon.colcon_core.shell:Creating prefix script '/home/ywzheng/px4_ros_ws/src/drone_ros2_centralized_control/install/local_setup.ps1'
[0.655s] INFO:colcon.colcon_core.shell:Creating prefix util module '/home/ywzheng/px4_ros_ws/src/drone_ros2_centralized_control/install/_local_setup_util_ps1.py'
[0.657s] INFO:colcon.colcon_core.shell:Creating prefix chain script '/home/ywzheng/px4_ros_ws/src/drone_ros2_centralized_control/install/setup.ps1'
[0.658s] INFO:colcon.colcon_core.shell:Creating prefix script '/home/ywzheng/px4_ros_ws/src/drone_ros2_centralized_control/install/local_setup.sh'
[0.659s] INFO:colcon.colcon_core.shell:Creating prefix util module '/home/ywzheng/px4_ros_ws/src/drone_ros2_centralized_control/install/_local_setup_util_sh.py'
[0.660s] INFO:colcon.colcon_core.shell:Creating prefix chain script '/home/ywzheng/px4_ros_ws/src/drone_ros2_centralized_control/install/setup.sh'
[0.662s] INFO:colcon.colcon_core.shell:Creating prefix script '/home/ywzheng/px4_ros_ws/src/drone_ros2_centralized_control/install/local_setup.bash'
[0.662s] INFO:colcon.colcon_core.shell:Creating prefix chain script '/home/ywzheng/px4_ros_ws/src/drone_ros2_centralized_control/install/setup.bash'
[0.664s] INFO:colcon.colcon_core.shell:Creating prefix script '/home/ywzheng/px4_ros_ws/src/drone_ros2_centralized_control/install/local_setup.zsh'
[0.665s] INFO:colcon.colcon_core.shell:Creating prefix chain script '/home/ywzheng/px4_ros_ws/src/drone_ros2_centralized_control/install/setup.zsh'
